Removed Pin From Net: NetName=+60 Pin=C_2-1
Removed Pin From Net: NetName=GND Pin=C_2-2
Removed Member From Class: ClassName=U_MCU Member=C_2
Removed Member From Class: ClassName=U_Motor Member=C_2
Added Component: Designator=C?(CAP_30 X 40_VIS)
Add component. Clean all parameters for all variants
Add component (AddParameter): Name = "Copyright"; Value = "Copyright (C) 2021 Ultra Librarian. All rights reserved."; VariantName = "[No Variations]"
Add component (AddParameter): Name = "Manufacturer_Part_Number"; Value = "MAL205659222E3"; VariantName = "[No Variations]"
Add component (AddParameter): Name = "Mfr_Name"; Value = "Vishay"; VariantName = "[No Variations]"
Add component (AddParameter): Name = "RefDes"; Value = "RefDes"; VariantName = "[No Variations]"
Add component (AddParameter): Name = "Type"; Value = "DEV"; VariantName = "[No Variations]"
Added Pin To Net: NetName=GND Pin=C?-1
Added Pin To Net: NetName=+60 Pin=C?-2
Added Member To Class: ClassName=U_MCU Member=Component C22 1uF
Added Member To Class: ClassName=U_Motor Member=Component C? MAL205659222E3
Added Room: Name=Main
Added Room: Name=U_IC_driver1
Added Room: Name=U_IC_driver2
Added Room: Name=U_IC_driver3
Added Room: Name=U_MCU
Added Room: Name=U_Motor
