Added Component: Designator=C1(SM-CAP-0805)
Add component. Clean all parameters for all variants
Add component (AddParameter): Name = "Designed by"; Value = "VanDungEvn"; VariantName = "[No Variations]"
Add component (AddParameter): Name = "Value"; Value = "0,1uF/300V"; VariantName = "[No Variations]"
Added Component: Designator=C2(CA-ALU-2.54)
Add component. Clean all parameters for all variants
Add component (AddParameter): Name = ""; Value = ""; VariantName = "[No Variations]"
Add component (AddParameter): Name = "LatestRevisionDate"; Value = "17-Jul-2002"; VariantName = "[No Variations]"
Add component (AddParameter): Name = "LatestRevisionNote"; Value = "Re-released for DXP Platform."; VariantName = "[No Variations]"
Add component (AddParameter): Name = "PackageReference"; Value = "C1206"; VariantName = "[No Variations]"
Add component (AddParameter): Name = "Publisher"; Value = "Altium Limited"; VariantName = "[No Variations]"
Add component (AddParameter): Name = "Value"; Value = "104"; VariantName = "[No Variations]"
Added Component: Designator=LED(SM-LED-0805-Blue)
Add component. Clean all parameters for all variants
Added Component: Designator=MOTOR(KF3-5.08)
Add component. Clean all parameters for all variants
Add component (AddParameter): Name = "ComponentLink1 Description"; Value = "Manufacturer"; VariantName = "[No Variations]"
Add component (AddParameter): Name = "ComponentLink1URL"; Value = "http://www.we-online.com"; VariantName = "[No Variations]"
Add component (AddParameter): Name = "ComponentLink2 Description"; Value = "Datasheet"; VariantName = "[No Variations]"
Add component (AddParameter): Name = "ComponentLink2URL"; Value = "http://katalog.we-online.de/em/datasheet/6911031100xx.pdf"; VariantName = "[No Variations]"
Add component (AddParameter): Name = "Created by"; Value = "Karrer Zheng"; VariantName = "[No Variations]"
Add component (AddParameter): Name = "Created Date"; Value = "29 October 2013"; VariantName = "[No Variations]"
Add component (AddParameter): Name = "Manufacturer"; Value = "Würth Elektronik eiSos GmbH"; VariantName = "[No Variations]"
Add component (AddParameter): Name = "NoPins"; Value = "3"; VariantName = "[No Variations]"
Add component (AddParameter): Name = "partNo"; Value = "691103110003"; VariantName = "[No Variations]"
Added Component: Designator=Q1(TO220-123)
Add component. Clean all parameters for all variants
Add component (AddParameter): Name = "Value"; Value = "IRF840"; VariantName = "[No Variations]"
Added Component: Designator=Q2(TO220-123)
Add component. Clean all parameters for all variants
Add component (AddParameter): Name = "Value"; Value = "IRF840"; VariantName = "[No Variations]"
Added Component: Designator=Q3(TO220-123)
Add component. Clean all parameters for all variants
Add component (AddParameter): Name = "Value"; Value = "IRF840"; VariantName = "[No Variations]"
Added Component: Designator=Q4(TO220-123)
Add component. Clean all parameters for all variants
Add component (AddParameter): Name = "Value"; Value = "IRF840"; VariantName = "[No Variations]"
Added Component: Designator=Q5(TO220-123)
Add component. Clean all parameters for all variants
Add component (AddParameter): Name = "Value"; Value = "IRF840"; VariantName = "[No Variations]"
Added Component: Designator=Q6(TO220-123)
Add component. Clean all parameters for all variants
Add component (AddParameter): Name = "Value"; Value = "IRF840"; VariantName = "[No Variations]"
Added Component: Designator=R(SM-RES-1206)
Add component. Clean all parameters for all variants
Add component (AddParameter): Name = "Value"; Value = "R1/4W - 1K"; VariantName = "[No Variations]"
Added Pin To Net: NetName=NetLED_1 Pin=LED-1
Added Pin To Net: NetName=NetLED_1 Pin=R-1
Added Net: Name=NetLED_1
Added Pin To Net: NetName=NetMOTOR_1 Pin=MOTOR-1
Added Pin To Net: NetName=NetMOTOR_1 Pin=Q5-3
Added Pin To Net: NetName=NetMOTOR_1 Pin=Q6-2
Added Net: Name=NetMOTOR_1
Added Pin To Net: NetName=NetMOTOR_2 Pin=MOTOR-2
Added Pin To Net: NetName=NetMOTOR_2 Pin=Q3-3
Added Pin To Net: NetName=NetMOTOR_2 Pin=Q4-2
Added Net: Name=NetMOTOR_2
Added Pin To Net: NetName=NetMOTOR_3 Pin=MOTOR-3
Added Pin To Net: NetName=NetMOTOR_3 Pin=Q1-3
Added Pin To Net: NetName=NetMOTOR_3 Pin=Q2-2
Added Net: Name=NetMOTOR_3
Added Pin To Net: NetName=NetQ1_1 Pin=Q1-1
Added Net: Name=NetQ1_1
Added Pin To Net: NetName=NetQ2_1 Pin=Q2-1
Added Net: Name=NetQ2_1
Added Pin To Net: NetName=NetQ3_1 Pin=Q3-1
Added Net: Name=NetQ3_1
Added Pin To Net: NetName=NetQ4_1 Pin=Q4-1
Added Net: Name=NetQ4_1
Added Pin To Net: NetName=NetQ5_1 Pin=Q5-1
Added Net: Name=NetQ5_1
Added Pin To Net: NetName=NetQ6_1 Pin=Q6-1
Added Net: Name=NetQ6_1
Added Class: Name=Motor
Added Room: Name=Motor
