Removed Pin From Net: NetName=GND Pin=C_1-1
Removed Pin From Net: NetName=+ Pin=C_1-2
Removed Member From Class: ClassName=U_Motor Member=C_1
Change Component Footprint: Designator=C_2 Old Footprint=CA-ALU-2.54 New Footprint=CAP TH ALUM ELEC D22.00mm S10.00mm H40.00mm
Change Component Footprint: Designator=Cap5 Old Footprint=CAP-ALU-SMD-4.5x5x1.4 New Footprint=CAP TH ALUM ELEC D10.00mm S5.00mm H17.00mm
Change Component Footprint: Designator=Cap6 Old Footprint=CAP POL 2917_7343 New Footprint=CAP-ALU-SMD-G
Change Component Footprint: Designator=Cap1 Old Footprint=CP1.5/3.4 New Footprint=CAP-ALU-SMD-G
Change Component Footprint: Designator=Cap4 Old Footprint=CP1.5/3.4 New Footprint=CAP-ALU-SMD-G
Change Component Footprint: Designator=CAN Old Footprint=HED2 New Footprint=KF2-5.08
Change Component Footprint: Designator=Source Old Footprint=HED2 New Footprint=KF2-5.08
Change Component Footprint: Designator=Temp Old Footprint=KF2-3.5 New Footprint=KF2-5.08
Change Component Comment : Designator=Cap5 Old Comment=100uF New Comment=100uF/100V
Change Component Comment : Designator=CAN Old Comment=Header 2_1 New Comment=KF2
Change Component Comment : Designator=Source Old Comment=Header 2_1 New Comment=KF2
Change component parameters: Designator = "Cap1"; Footprint = "CAP-ALU-SMD-G"; UniqueID = "\ULTQOBQY"
Change component parameters. Clean all parameters for all variants
Change component parameters (AddParameter): Name = "LatestRevisionDate"; Value = "17-Jul-2002"; VariantName = "[No Variations]"
Change component parameters (AddParameter): Name = "LatestRevisionNote"; Value = "Re-released for DXP Platform."; VariantName = "[No Variations]"
Change component parameters (AddParameter): Name = "PackageReference"; Value = "POLAR0.8"; VariantName = "[No Variations]"
Change component parameters (AddParameter): Name = "Published"; Value = "8-Jun-2000"; VariantName = "[No Variations]"
Change component parameters (AddParameter): Name = "Publisher"; Value = "Altium Limited"; VariantName = "[No Variations]"
Change component parameters: Designator = "Cap4"; Footprint = "CAP-ALU-SMD-G"; UniqueID = "\ZOGSCUFK"
Change component parameters. Clean all parameters for all variants
Change component parameters (AddParameter): Name = "LatestRevisionDate"; Value = "17-Jul-2002"; VariantName = "[No Variations]"
Change component parameters (AddParameter): Name = "LatestRevisionNote"; Value = "Re-released for DXP Platform."; VariantName = "[No Variations]"
Change component parameters (AddParameter): Name = "PackageReference"; Value = "POLAR0.8"; VariantName = "[No Variations]"
Change component parameters (AddParameter): Name = "Published"; Value = "8-Jun-2000"; VariantName = "[No Variations]"
Change component parameters (AddParameter): Name = "Publisher"; Value = "Altium Limited"; VariantName = "[No Variations]"
Change component parameters: Designator = "CAN"; Footprint = "KF2-5.08"; UniqueID = "\KHMSCRIM\KQMFXRQE"
Change component parameters. Clean all parameters for all variants
Change component parameters (AddParameter): Name = "ComponentLink1 Description"; Value = "Manufacturer"; VariantName = "[No Variations]"
Change component parameters (AddParameter): Name = "ComponentLink1URL"; Value = "http://www.we-online.com"; VariantName = "[No Variations]"
Change component parameters (AddParameter): Name = "ComponentLink2 Description"; Value = "Datasheet"; VariantName = "[No Variations]"
Change component parameters (AddParameter): Name = "ComponentLink2URL"; Value = "http://katalog.we-online.de/em/datasheet/6911031100xx.pdf"; VariantName = "[No Variations]"
Change component parameters (AddParameter): Name = "Created by"; Value = "Karrer Zheng"; VariantName = "[No Variations]"
Change component parameters (AddParameter): Name = "Created Date"; Value = "29 October 2013"; VariantName = "[No Variations]"
Change component parameters (AddParameter): Name = "Manufacturer"; Value = "Würth Elektronik eiSos GmbH"; VariantName = "[No Variations]"
Change component parameters (AddParameter): Name = "NoPins"; Value = "2"; VariantName = "[No Variations]"
Change component parameters (AddParameter): Name = "partNo"; Value = "691103110002"; VariantName = "[No Variations]"
Change component parameters: Designator = "Source"; Footprint = "KF2-5.08"; UniqueID = "\ZWQRQWAI"
Change component parameters. Clean all parameters for all variants
Change component parameters (AddParameter): Name = "ComponentLink1 Description"; Value = "Manufacturer"; VariantName = "[No Variations]"
Change component parameters (AddParameter): Name = "ComponentLink1URL"; Value = "http://www.we-online.com"; VariantName = "[No Variations]"
Change component parameters (AddParameter): Name = "ComponentLink2 Description"; Value = "Datasheet"; VariantName = "[No Variations]"
Change component parameters (AddParameter): Name = "ComponentLink2URL"; Value = "http://katalog.we-online.de/em/datasheet/6911031100xx.pdf"; VariantName = "[No Variations]"
Change component parameters (AddParameter): Name = "Created by"; Value = "Karrer Zheng"; VariantName = "[No Variations]"
Change component parameters (AddParameter): Name = "Created Date"; Value = "29 October 2013"; VariantName = "[No Variations]"
Change component parameters (AddParameter): Name = "Manufacturer"; Value = "Würth Elektronik eiSos GmbH"; VariantName = "[No Variations]"
Change component parameters (AddParameter): Name = "NoPins"; Value = "2"; VariantName = "[No Variations]"
Change component parameters (AddParameter): Name = "partNo"; Value = "691103110002"; VariantName = "[No Variations]"
Change Net Name : Old Net Name=+ New Net Name=+60
Added Room: Name=Main
Added Room: Name=U_IC_driver1
Added Room: Name=U_IC_driver2
Added Room: Name=U_IC_driver3
Added Room: Name=U_MCU
Added Room: Name=U_Motor
