Added Component: Designator=AMS1117(SOT223-4N)
Add component. Clean all parameters for all variants
Add component (AddParameter): Name = "Value"; Value = "LM317"; VariantName = "[No Variations]"
Added Component: Designator=C1A(SM-CAP-0805)
Add component. Clean all parameters for all variants
Add component (AddParameter): Name = "Designed by"; Value = "VanDungEvn"; VariantName = "[No Variations]"
Add component (AddParameter): Name = "Value"; Value = "0,1uF/300V"; VariantName = "[No Variations]"
Added Component: Designator=C1B(SM-CAP-0805)
Add component. Clean all parameters for all variants
Add component (AddParameter): Name = "Designed by"; Value = "VanDungEvn"; VariantName = "[No Variations]"
Add component (AddParameter): Name = "Value"; Value = "0,1uF/300V"; VariantName = "[No Variations]"
Added Component: Designator=C1C(SM-CAP-0805)
Add component. Clean all parameters for all variants
Add component (AddParameter): Name = "Designed by"; Value = "VanDungEvn"; VariantName = "[No Variations]"
Add component (AddParameter): Name = "Value"; Value = "0,1uF/300V"; VariantName = "[No Variations]"
Added Component: Designator=C2A(CAP-ALU-SMD-4.5x5x1.4)
Add component. Clean all parameters for all variants
Add component (AddParameter): Name = "LatestRevisionDate"; Value = "17-Jul-2002"; VariantName = "[No Variations]"
Add component (AddParameter): Name = "LatestRevisionNote"; Value = "Re-released for DXP Platform."; VariantName = "[No Variations]"
Add component (AddParameter): Name = "PackageReference"; Value = "POLAR0.8"; VariantName = "[No Variations]"
Add component (AddParameter): Name = "Published"; Value = "8-Jun-2000"; VariantName = "[No Variations]"
Add component (AddParameter): Name = "Publisher"; Value = "Altium Limited"; VariantName = "[No Variations]"
Added Component: Designator=C2B(CAP-ALU-SMD-4.5x5x1.4)
Add component. Clean all parameters for all variants
Add component (AddParameter): Name = "LatestRevisionDate"; Value = "17-Jul-2002"; VariantName = "[No Variations]"
Add component (AddParameter): Name = "LatestRevisionNote"; Value = "Re-released for DXP Platform."; VariantName = "[No Variations]"
Add component (AddParameter): Name = "PackageReference"; Value = "POLAR0.8"; VariantName = "[No Variations]"
Add component (AddParameter): Name = "Published"; Value = "8-Jun-2000"; VariantName = "[No Variations]"
Add component (AddParameter): Name = "Publisher"; Value = "Altium Limited"; VariantName = "[No Variations]"
Added Component: Designator=C2C(CAP-ALU-SMD-4.5x5x1.4)
Add component. Clean all parameters for all variants
Add component (AddParameter): Name = "LatestRevisionDate"; Value = "17-Jul-2002"; VariantName = "[No Variations]"
Add component (AddParameter): Name = "LatestRevisionNote"; Value = "Re-released for DXP Platform."; VariantName = "[No Variations]"
Add component (AddParameter): Name = "PackageReference"; Value = "POLAR0.8"; VariantName = "[No Variations]"
Add component (AddParameter): Name = "Published"; Value = "8-Jun-2000"; VariantName = "[No Variations]"
Add component (AddParameter): Name = "Publisher"; Value = "Altium Limited"; VariantName = "[No Variations]"
Added Component: Designator=C3A(CAP-ALU-SMD-4.5x5x1.4)
Add component. Clean all parameters for all variants
Add component (AddParameter): Name = "LatestRevisionDate"; Value = "17-Jul-2002"; VariantName = "[No Variations]"
Add component (AddParameter): Name = "LatestRevisionNote"; Value = "Re-released for DXP Platform."; VariantName = "[No Variations]"
Add component (AddParameter): Name = "PackageReference"; Value = "POLAR0.8"; VariantName = "[No Variations]"
Add component (AddParameter): Name = "Published"; Value = "8-Jun-2000"; VariantName = "[No Variations]"
Add component (AddParameter): Name = "Publisher"; Value = "Altium Limited"; VariantName = "[No Variations]"
Added Component: Designator=C3B(CAP-ALU-SMD-4.5x5x1.4)
Add component. Clean all parameters for all variants
Add component (AddParameter): Name = "LatestRevisionDate"; Value = "17-Jul-2002"; VariantName = "[No Variations]"
Add component (AddParameter): Name = "LatestRevisionNote"; Value = "Re-released for DXP Platform."; VariantName = "[No Variations]"
Add component (AddParameter): Name = "PackageReference"; Value = "POLAR0.8"; VariantName = "[No Variations]"
Add component (AddParameter): Name = "Published"; Value = "8-Jun-2000"; VariantName = "[No Variations]"
Add component (AddParameter): Name = "Publisher"; Value = "Altium Limited"; VariantName = "[No Variations]"
Added Component: Designator=C3C(CAP-ALU-SMD-4.5x5x1.4)
Add component. Clean all parameters for all variants
Add component (AddParameter): Name = "LatestRevisionDate"; Value = "17-Jul-2002"; VariantName = "[No Variations]"
Add component (AddParameter): Name = "LatestRevisionNote"; Value = "Re-released for DXP Platform."; VariantName = "[No Variations]"
Add component (AddParameter): Name = "PackageReference"; Value = "POLAR0.8"; VariantName = "[No Variations]"
Add component (AddParameter): Name = "Published"; Value = "8-Jun-2000"; VariantName = "[No Variations]"
Add component (AddParameter): Name = "Publisher"; Value = "Altium Limited"; VariantName = "[No Variations]"
Added Component: Designator=C11(C0805)
Add component. Clean all parameters for all variants
Add component (AddParameter): Name = "LatestRevisionDate"; Value = "17-Jul-2002"; VariantName = "[No Variations]"
Add component (AddParameter): Name = "LatestRevisionNote"; Value = "Re-released for DXP Platform."; VariantName = "[No Variations]"
Add component (AddParameter): Name = "PackageReference"; Value = "RAD-0.3"; VariantName = "[No Variations]"
Add component (AddParameter): Name = "Published"; Value = "8-Jun-2000"; VariantName = "[No Variations]"
Add component (AddParameter): Name = "Publisher"; Value = "Altium Limited"; VariantName = "[No Variations]"
Add component (AddParameter): Name = "Value"; Value = "33p"; VariantName = "[No Variations]"
Added Component: Designator=C12(C0805)
Add component. Clean all parameters for all variants
Add component (AddParameter): Name = "LatestRevisionDate"; Value = "17-Jul-2002"; VariantName = "[No Variations]"
Add component (AddParameter): Name = "LatestRevisionNote"; Value = "Re-released for DXP Platform."; VariantName = "[No Variations]"
Add component (AddParameter): Name = "PackageReference"; Value = "RAD-0.3"; VariantName = "[No Variations]"
Add component (AddParameter): Name = "Published"; Value = "8-Jun-2000"; VariantName = "[No Variations]"
Add component (AddParameter): Name = "Publisher"; Value = "Altium Limited"; VariantName = "[No Variations]"
Add component (AddParameter): Name = "Value"; Value = "33p"; VariantName = "[No Variations]"
Added Component: Designator=C13(SM-Cap-1206)
Add component. Clean all parameters for all variants
Add component (AddParameter): Name = "Designed by"; Value = "VanDungEvn"; VariantName = "[No Variations]"
Add component (AddParameter): Name = "Value"; Value = "0,1uF/300V"; VariantName = "[No Variations]"
Added Component: Designator=C14(C0805)
Add component. Clean all parameters for all variants
Add component (AddParameter): Name = "LatestRevisionDate"; Value = "17-Jul-2002"; VariantName = "[No Variations]"
Add component (AddParameter): Name = "LatestRevisionNote"; Value = "Re-released for DXP Platform."; VariantName = "[No Variations]"
Add component (AddParameter): Name = "PackageReference"; Value = "RAD-0.3"; VariantName = "[No Variations]"
Add component (AddParameter): Name = "Published"; Value = "8-Jun-2000"; VariantName = "[No Variations]"
Add component (AddParameter): Name = "Publisher"; Value = "Altium Limited"; VariantName = "[No Variations]"
Add component (AddParameter): Name = "Value"; Value = "33p"; VariantName = "[No Variations]"
Added Component: Designator=C15(C0805)
Add component. Clean all parameters for all variants
Add component (AddParameter): Name = "LatestRevisionDate"; Value = "17-Jul-2002"; VariantName = "[No Variations]"
Add component (AddParameter): Name = "LatestRevisionNote"; Value = "Re-released for DXP Platform."; VariantName = "[No Variations]"
Add component (AddParameter): Name = "PackageReference"; Value = "RAD-0.3"; VariantName = "[No Variations]"
Add component (AddParameter): Name = "Published"; Value = "8-Jun-2000"; VariantName = "[No Variations]"
Add component (AddParameter): Name = "Publisher"; Value = "Altium Limited"; VariantName = "[No Variations]"
Add component (AddParameter): Name = "Value"; Value = "33p"; VariantName = "[No Variations]"
Added Component: Designator=C16(SM-Cap-1206)
Add component. Clean all parameters for all variants
Add component (AddParameter): Name = "Designed by"; Value = "VanDungEvn"; VariantName = "[No Variations]"
Add component (AddParameter): Name = "Value"; Value = "0,1uF/300V"; VariantName = "[No Variations]"
Added Component: Designator=C17(SM-Cap-1206)
Add component. Clean all parameters for all variants
Add component (AddParameter): Name = "Designed by"; Value = "VanDungEvn"; VariantName = "[No Variations]"
Add component (AddParameter): Name = "Value"; Value = "0,1uF/300V"; VariantName = "[No Variations]"
Added Component: Designator=C18(SM-Cap-1206)
Add component. Clean all parameters for all variants
Add component (AddParameter): Name = "Designed by"; Value = "VanDungEvn"; VariantName = "[No Variations]"
Add component (AddParameter): Name = "Value"; Value = "0,1uF/300V"; VariantName = "[No Variations]"
Added Component: Designator=C19(SM-Cap-1206)
Add component. Clean all parameters for all variants
Add component (AddParameter): Name = "Designed by"; Value = "VanDungEvn"; VariantName = "[No Variations]"
Add component (AddParameter): Name = "Value"; Value = "0,1uF/300V"; VariantName = "[No Variations]"
Added Component: Designator=C20(SM-Cap-1206)
Add component. Clean all parameters for all variants
Add component (AddParameter): Name = "Designed by"; Value = "VanDungEvn"; VariantName = "[No Variations]"
Add component (AddParameter): Name = "Value"; Value = "0,1uF/300V"; VariantName = "[No Variations]"
Added Component: Designator=C21(SM-Cap-1206)
Add component. Clean all parameters for all variants
Add component (AddParameter): Name = "Designed by"; Value = "VanDungEvn"; VariantName = "[No Variations]"
Add component (AddParameter): Name = "Value"; Value = "0,1uF/300V"; VariantName = "[No Variations]"
Added Component: Designator=C22(SM-Cap-1206)
Add component. Clean all parameters for all variants
Add component (AddParameter): Name = "Designed by"; Value = "VanDungEvn"; VariantName = "[No Variations]"
Add component (AddParameter): Name = "Value"; Value = "0,1uF/300V"; VariantName = "[No Variations]"
Added Component: Designator=C23(SM-Cap-1206)
Add component. Clean all parameters for all variants
Add component (AddParameter): Name = "Designed by"; Value = "VanDungEvn"; VariantName = "[No Variations]"
Add component (AddParameter): Name = "Value"; Value = "0,1uF/300V"; VariantName = "[No Variations]"
Added Component: Designator=C24(SM-Cap-1206)
Add component. Clean all parameters for all variants
Add component (AddParameter): Name = "Designed by"; Value = "VanDungEvn"; VariantName = "[No Variations]"
Add component (AddParameter): Name = "Value"; Value = "0,1uF/300V"; VariantName = "[No Variations]"
Added Component: Designator=C25(SM-Cap-1206)
Add component. Clean all parameters for all variants
Add component (AddParameter): Name = "Designed by"; Value = "VanDungEvn"; VariantName = "[No Variations]"
Add component (AddParameter): Name = "Value"; Value = "0,1uF/300V"; VariantName = "[No Variations]"
Added Component: Designator=C_1(SM-CAP-0805)
Add component. Clean all parameters for all variants
Add component (AddParameter): Name = "Designed by"; Value = "VanDungEvn"; VariantName = "[No Variations]"
Add component (AddParameter): Name = "Value"; Value = "0,1uF/300V"; VariantName = "[No Variations]"
Added Component: Designator=C_2(CA-ALU-2.54)
Add component. Clean all parameters for all variants
Add component (AddParameter): Name = ""; Value = ""; VariantName = "[No Variations]"
Add component (AddParameter): Name = "LatestRevisionDate"; Value = "17-Jul-2002"; VariantName = "[No Variations]"
Add component (AddParameter): Name = "LatestRevisionNote"; Value = "Re-released for DXP Platform."; VariantName = "[No Variations]"
Add component (AddParameter): Name = "PackageReference"; Value = "C1206"; VariantName = "[No Variations]"
Add component (AddParameter): Name = "Publisher"; Value = "Altium Limited"; VariantName = "[No Variations]"
Add component (AddParameter): Name = "Value"; Value = "104"; VariantName = "[No Variations]"
Added Component: Designator=Cap1(CP1.5/3.4)
Add component. Clean all parameters for all variants
Add component (AddParameter): Name = "Description 1"; Value = "1000uF/6,3V - 470uF/16V - 330uF - 25V"; VariantName = "[No Variations]"
Add component (AddParameter): Name = "Description 2"; Value = "220uF/35V - 100uF/50V - 63V - 4,7uF/200V"; VariantName = "[No Variations]"
Add component (AddParameter): Name = "Description 3"; Value = "22uF => 33uF100V - 3,3uF => 4,7uF/250V"; VariantName = "[No Variations]"
Add component (AddParameter): Name = "Description 4"; Value = "2,2uF =>3,3uF/350 - 2,2uF/400V - 1uF/450V"; VariantName = "[No Variations]"
Add component (AddParameter): Name = "Value"; Value = "100uF/35V/50V"; VariantName = "[No Variations]"
Added Component: Designator=Cap2(CN2)
Add component. Clean all parameters for all variants
Add component (AddParameter): Name = "Value"; Value = "0.1uF"; VariantName = "[No Variations]"
Added Component: Designator=Cap3(CN2)
Add component. Clean all parameters for all variants
Add component (AddParameter): Name = "Value"; Value = "0.1uF"; VariantName = "[No Variations]"
Added Component: Designator=Cap4(CP1.5/3.4)
Add component. Clean all parameters for all variants
Add component (AddParameter): Name = "Description 1"; Value = "1000uF/6,3V - 470uF/16V - 330uF - 25V"; VariantName = "[No Variations]"
Add component (AddParameter): Name = "Description 2"; Value = "220uF/35V - 100uF/50V - 63V - 4,7uF/200V"; VariantName = "[No Variations]"
Add component (AddParameter): Name = "Description 3"; Value = "22uF => 33uF100V - 3,3uF => 4,7uF/250V"; VariantName = "[No Variations]"
Add component (AddParameter): Name = "Description 4"; Value = "2,2uF =>3,3uF/350 - 2,2uF/400V - 1uF/450V"; VariantName = "[No Variations]"
Add component (AddParameter): Name = "Value"; Value = "100uF/35V/50V"; VariantName = "[No Variations]"
Added Component: Designator=Cap5(CAP-ALU-SMD-4.5x5x1.4)
Add component. Clean all parameters for all variants
Add component (AddParameter): Name = "LatestRevisionDate"; Value = "17-Jul-2002"; VariantName = "[No Variations]"
Add component (AddParameter): Name = "LatestRevisionNote"; Value = "Re-released for DXP Platform."; VariantName = "[No Variations]"
Add component (AddParameter): Name = "PackageReference"; Value = "POLAR0.8"; VariantName = "[No Variations]"
Add component (AddParameter): Name = "Published"; Value = "8-Jun-2000"; VariantName = "[No Variations]"
Add component (AddParameter): Name = "Publisher"; Value = "Altium Limited"; VariantName = "[No Variations]"
Added Component: Designator=Cap6(CAP-ALU-SMD-4.5x5x1.4)
Add component. Clean all parameters for all variants
Add component (AddParameter): Name = "LatestRevisionDate"; Value = "17-Jul-2002"; VariantName = "[No Variations]"
Add component (AddParameter): Name = "LatestRevisionNote"; Value = "Re-released for DXP Platform."; VariantName = "[No Variations]"
Add component (AddParameter): Name = "PackageReference"; Value = "POLAR0.8"; VariantName = "[No Variations]"
Add component (AddParameter): Name = "Published"; Value = "8-Jun-2000"; VariantName = "[No Variations]"
Add component (AddParameter): Name = "Publisher"; Value = "Altium Limited"; VariantName = "[No Variations]"
Added Component: Designator=CS amplifier(SOT65P210X110-6N)
Add component. Clean all parameters for all variants
Add component (AddParameter): Name = "Check_prices"; Value = "https://www.snapeda.com/parts/INA199A2DCKT/Texas%20Instruments/view-part/435548/?ref=eda"; VariantName = "[No Variations]"
Add component (AddParameter): Name = "Digi-Key_Part_Number"; Value = "296-38952-1-ND"; VariantName = "[No Variations]"
Add component (AddParameter): Name = "MF"; Value = "Texas Instruments"; VariantName = "[No Variations]"
Add component (AddParameter): Name = "MP"; Value = "INA199A2DCKT"; VariantName = "[No Variations]"
Add component (AddParameter): Name = "Package"; Value = "SOT-SC70-6 Texas Instruments"; VariantName = "[No Variations]"
Add component (AddParameter): Name = "Purchase-URL"; Value = "https://pricing.snapeda.com/search/part/INA199A2DCKT/?ref=eda"; VariantName = "[No Variations]"
Add component (AddParameter): Name = "SnapEDA_Link"; Value = "https://www.snapeda.com/parts/INA199A2DCKT/Texas%20Instruments/view-part/435548/?ref=snap"; VariantName = "[No Variations]"
Add component (AddParameter): Name = "Value"; Value = ""; VariantName = "[No Variations]"
Added Component: Designator=D1A(DIO-SMD-106)
Add component. Clean all parameters for all variants
Add component (AddParameter): Name = "Code - JEDEC"; Value = "DO-214-AB"; VariantName = "[No Variations]"
Add component (AddParameter): Name = "Published"; Value = "8-Jun-2000"; VariantName = "[No Variations]"
Add component (AddParameter): Name = "Publisher"; Value = "Altium Limited"; VariantName = "[No Variations]"
Add component (AddParameter): Name = "Revision"; Value = "July-2002: Re-released for DXP Platform."; VariantName = "[No Variations]"
Add component (AddParameter): Name = "Value"; Value = "1N5007"; VariantName = "[No Variations]"
Added Component: Designator=D1B(DIO-SMD-106)
Add component. Clean all parameters for all variants
Add component (AddParameter): Name = "Code - JEDEC"; Value = "DO-214-AB"; VariantName = "[No Variations]"
Add component (AddParameter): Name = "Published"; Value = "8-Jun-2000"; VariantName = "[No Variations]"
Add component (AddParameter): Name = "Publisher"; Value = "Altium Limited"; VariantName = "[No Variations]"
Add component (AddParameter): Name = "Revision"; Value = "July-2002: Re-released for DXP Platform."; VariantName = "[No Variations]"
Add component (AddParameter): Name = "Value"; Value = "1N5007"; VariantName = "[No Variations]"
Added Component: Designator=D1C(DIO-SMD-106)
Add component. Clean all parameters for all variants
Add component (AddParameter): Name = "Code - JEDEC"; Value = "DO-214-AB"; VariantName = "[No Variations]"
Add component (AddParameter): Name = "Published"; Value = "8-Jun-2000"; VariantName = "[No Variations]"
Add component (AddParameter): Name = "Publisher"; Value = "Altium Limited"; VariantName = "[No Variations]"
Add component (AddParameter): Name = "Revision"; Value = "July-2002: Re-released for DXP Platform."; VariantName = "[No Variations]"
Add component (AddParameter): Name = "Value"; Value = "1N5007"; VariantName = "[No Variations]"
Added Component: Designator=D2A(DIO-SMD-106)
Add component. Clean all parameters for all variants
Add component (AddParameter): Name = "Code - JEDEC"; Value = "DO-214-AB"; VariantName = "[No Variations]"
Add component (AddParameter): Name = "Published"; Value = "8-Jun-2000"; VariantName = "[No Variations]"
Add component (AddParameter): Name = "Publisher"; Value = "Altium Limited"; VariantName = "[No Variations]"
Add component (AddParameter): Name = "Revision"; Value = "July-2002: Re-released for DXP Platform."; VariantName = "[No Variations]"
Add component (AddParameter): Name = "Value"; Value = "1N5007"; VariantName = "[No Variations]"
Added Component: Designator=D2B(DIO-SMD-106)
Add component. Clean all parameters for all variants
Add component (AddParameter): Name = "Code - JEDEC"; Value = "DO-214-AB"; VariantName = "[No Variations]"
Add component (AddParameter): Name = "Published"; Value = "8-Jun-2000"; VariantName = "[No Variations]"
Add component (AddParameter): Name = "Publisher"; Value = "Altium Limited"; VariantName = "[No Variations]"
Add component (AddParameter): Name = "Revision"; Value = "July-2002: Re-released for DXP Platform."; VariantName = "[No Variations]"
Add component (AddParameter): Name = "Value"; Value = "1N5007"; VariantName = "[No Variations]"
Added Component: Designator=D2C(DIO-SMD-106)
Add component. Clean all parameters for all variants
Add component (AddParameter): Name = "Code - JEDEC"; Value = "DO-214-AB"; VariantName = "[No Variations]"
Add component (AddParameter): Name = "Published"; Value = "8-Jun-2000"; VariantName = "[No Variations]"
Add component (AddParameter): Name = "Publisher"; Value = "Altium Limited"; VariantName = "[No Variations]"
Add component (AddParameter): Name = "Revision"; Value = "July-2002: Re-released for DXP Platform."; VariantName = "[No Variations]"
Add component (AddParameter): Name = "Value"; Value = "1N5007"; VariantName = "[No Variations]"
Added Component: Designator=D3A(DIO-SMD-106)
Add component. Clean all parameters for all variants
Add component (AddParameter): Name = "Code - JEDEC"; Value = "DO-214-AB"; VariantName = "[No Variations]"
Add component (AddParameter): Name = "Published"; Value = "8-Jun-2000"; VariantName = "[No Variations]"
Add component (AddParameter): Name = "Publisher"; Value = "Altium Limited"; VariantName = "[No Variations]"
Add component (AddParameter): Name = "Revision"; Value = "July-2002: Re-released for DXP Platform."; VariantName = "[No Variations]"
Add component (AddParameter): Name = "Value"; Value = "1N5007"; VariantName = "[No Variations]"
Added Component: Designator=D3B(DIO-SMD-106)
Add component. Clean all parameters for all variants
Add component (AddParameter): Name = "Code - JEDEC"; Value = "DO-214-AB"; VariantName = "[No Variations]"
Add component (AddParameter): Name = "Published"; Value = "8-Jun-2000"; VariantName = "[No Variations]"
Add component (AddParameter): Name = "Publisher"; Value = "Altium Limited"; VariantName = "[No Variations]"
Add component (AddParameter): Name = "Revision"; Value = "July-2002: Re-released for DXP Platform."; VariantName = "[No Variations]"
Add component (AddParameter): Name = "Value"; Value = "1N5007"; VariantName = "[No Variations]"
Added Component: Designator=D3C(DIO-SMD-106)
Add component. Clean all parameters for all variants
Add component (AddParameter): Name = "Code - JEDEC"; Value = "DO-214-AB"; VariantName = "[No Variations]"
Add component (AddParameter): Name = "Published"; Value = "8-Jun-2000"; VariantName = "[No Variations]"
Add component (AddParameter): Name = "Publisher"; Value = "Altium Limited"; VariantName = "[No Variations]"
Add component (AddParameter): Name = "Revision"; Value = "July-2002: Re-released for DXP Platform."; VariantName = "[No Variations]"
Add component (AddParameter): Name = "Value"; Value = "1N5007"; VariantName = "[No Variations]"
Added Component: Designator=Diode1(DIO-SMD-106)
Add component. Clean all parameters for all variants
Add component (AddParameter): Name = "Code - JEDEC"; Value = "DO-214-AB"; VariantName = "[No Variations]"
Add component (AddParameter): Name = "Published"; Value = "8-Jun-2000"; VariantName = "[No Variations]"
Add component (AddParameter): Name = "Publisher"; Value = "Altium Limited"; VariantName = "[No Variations]"
Add component (AddParameter): Name = "Revision"; Value = "July-2002: Re-released for DXP Platform."; VariantName = "[No Variations]"
Add component (AddParameter): Name = "Value"; Value = "1N5007"; VariantName = "[No Variations]"
Added Component: Designator=DZ1A(DIO-1A)
Add component. Clean all parameters for all variants
Added Component: Designator=DZ1B(DIO-1A)
Add component. Clean all parameters for all variants
Added Component: Designator=DZ1C(DIO-1A)
Add component. Clean all parameters for all variants
Added Component: Designator=DZ2A(DIO-1A)
Add component. Clean all parameters for all variants
Added Component: Designator=DZ2B(DIO-1A)
Add component. Clean all parameters for all variants
Added Component: Designator=DZ2C(DIO-1A)
Add component. Clean all parameters for all variants
Added Component: Designator=Encoder(KF4-5.08)
Add component. Clean all parameters for all variants
Add component (AddParameter): Name = "ComponentLink1 Description"; Value = "Manufacturer"; VariantName = "[No Variations]"
Add component (AddParameter): Name = "ComponentLink1 URL"; Value = "http://www.we-online.com"; VariantName = "[No Variations]"
Add component (AddParameter): Name = "ComponentLink2 Description"; Value = "Datasheet"; VariantName = "[No Variations]"
Add component (AddParameter): Name = "ComponentLink2 URL"; Value = "http://katalog.we-online.de/em/datasheet/6911337100xx.pdf"; VariantName = "[No Variations]"
Add component (AddParameter): Name = "Created By"; Value = "Baojun Chen"; VariantName = "[No Variations]"
Add component (AddParameter): Name = "Created Date"; Value = "4-Aug-15"; VariantName = "[No Variations]"
Add component (AddParameter): Name = "Manufacturer"; Value = "W¨¹rth Elektronik eiSos GmbH"; VariantName = "[No Variations]"
Add component (AddParameter): Name = "NoPins"; Value = "4"; VariantName = "[No Variations]"
Add component (AddParameter): Name = "PartNo"; Value = "691133710004"; VariantName = "[No Variations]"
Added Component: Designator=IC1(QTO-220)
Add component. Clean all parameters for all variants
Add component (AddParameter): Name = ""; Value = "LM7808"; VariantName = "[No Variations]"
Add component (AddParameter): Name = "Value"; Value = "LM7805"; VariantName = "[No Variations]"
Added Component: Designator=IC2(TO263)
Add component. Clean all parameters for all variants
Add component (AddParameter): Name = "Category"; Value = "IC-Power"; VariantName = "[No Variations]"
Add component (AddParameter): Name = "Max Input Voltage"; Value = "12 V"; VariantName = "[No Variations]"
Add component (AddParameter): Name = "Max Output Current"; Value = "3 (6.0 peak) A"; VariantName = "[No Variations]"
Add component (AddParameter): Name = "Max Output Voltage"; Value = "mV"; VariantName = "[No Variations]"
Add component (AddParameter): Name = "Min Input Voltage"; Value = "mV"; VariantName = "[No Variations]"
Add component (AddParameter): Name = "Min Output Voltage"; Value = "mV"; VariantName = "[No Variations]"
Add component (AddParameter): Name = "Mounting Technology"; Value = "Surface Mount"; VariantName = "[No Variations]"
Add component (AddParameter): Name = "PowerICTypes"; Value = ""; VariantName = "[No Variations]"
Add component (AddParameter): Name = "Status"; Value = "Unreleased"; VariantName = "[No Variations]"
Add component (AddParameter): Name = "Supply Voltage"; Value = "mV"; VariantName = "[No Variations]"
Add component (AddParameter): Name = "Temperature Range"; Value = "-40 to +125 degC"; VariantName = "[No Variations]"
Added Component: Designator=JP1(HED2)
Add component. Clean all parameters for all variants
Add component (AddParameter): Name = "Class"; Value = "Connector"; VariantName = "[No Variations]"
Add component (AddParameter): Name = "Manufacturer"; Value = "Generic Components"; VariantName = "[No Variations]"
Add component (AddParameter): Name = "Value"; Value = "Header 2"; VariantName = "[No Variations]"
Added Component: Designator=LED1(LED-3)
Add component. Clean all parameters for all variants
Add component (AddParameter): Name = "Value"; Value = "LED 3 ly Single Colour"; VariantName = "[No Variations]"
Added Component: Designator=LED2(LED-3)
Add component. Clean all parameters for all variants
Add component (AddParameter): Name = "Value"; Value = "LED 3 ly Single Colour"; VariantName = "[No Variations]"
Added Component: Designator=LED(SM-LED-0805-Blue)
Add component. Clean all parameters for all variants
Added Component: Designator=L(L/0.4)
Add component. Clean all parameters for all variants
Add component (AddParameter): Name = "Value"; Value = "150 mH"; VariantName = "[No Variations]"
Added Component: Designator=MOTOR(KF3-5.08)
Add component. Clean all parameters for all variants
Add component (AddParameter): Name = "ComponentLink1 Description"; Value = "Manufacturer"; VariantName = "[No Variations]"
Add component (AddParameter): Name = "ComponentLink1URL"; Value = "http://www.we-online.com"; VariantName = "[No Variations]"
Add component (AddParameter): Name = "ComponentLink2 Description"; Value = "Datasheet"; VariantName = "[No Variations]"
Add component (AddParameter): Name = "ComponentLink2URL"; Value = "http://katalog.we-online.de/em/datasheet/6911031100xx.pdf"; VariantName = "[No Variations]"
Add component (AddParameter): Name = "Created by"; Value = "Karrer Zheng"; VariantName = "[No Variations]"
Add component (AddParameter): Name = "Created Date"; Value = "29 October 2013"; VariantName = "[No Variations]"
Add component (AddParameter): Name = "Manufacturer"; Value = "Würth Elektronik eiSos GmbH"; VariantName = "[No Variations]"
Add component (AddParameter): Name = "NoPins"; Value = "3"; VariantName = "[No Variations]"
Add component (AddParameter): Name = "partNo"; Value = "691103110003"; VariantName = "[No Variations]"
Added Component: Designator=Q1(QTO-220H3)
Add component. Clean all parameters for all variants
Added Component: Designator=Q2(QTO-220H3)
Add component. Clean all parameters for all variants
Added Component: Designator=Q3(QTO-220H3)
Add component. Clean all parameters for all variants
Added Component: Designator=Q4(QTO-220H3)
Add component. Clean all parameters for all variants
Added Component: Designator=Q5(QTO-220H3)
Add component. Clean all parameters for all variants
Added Component: Designator=Q6(QTO-220H3)
Add component. Clean all parameters for all variants
Added Component: Designator=R3A(SM-RES-1206)
Add component. Clean all parameters for all variants
Add component (AddParameter): Name = "Value"; Value = "R1/4W - 1K"; VariantName = "[No Variations]"
Added Component: Designator=R3B(SM-RES-1206)
Add component. Clean all parameters for all variants
Add component (AddParameter): Name = "Value"; Value = "R1/4W - 1K"; VariantName = "[No Variations]"
Added Component: Designator=R3C(SM-RES-1206)
Add component. Clean all parameters for all variants
Add component (AddParameter): Name = "Value"; Value = "R1/4W - 1K"; VariantName = "[No Variations]"
Added Component: Designator=R4A(SM-RES-1206)
Add component. Clean all parameters for all variants
Add component (AddParameter): Name = "Value"; Value = "R1/4W - 1K"; VariantName = "[No Variations]"
Added Component: Designator=R4B(SM-RES-1206)
Add component. Clean all parameters for all variants
Add component (AddParameter): Name = "Value"; Value = "R1/4W - 1K"; VariantName = "[No Variations]"
Added Component: Designator=R4C(SM-RES-1206)
Add component. Clean all parameters for all variants
Add component (AddParameter): Name = "Value"; Value = "R1/4W - 1K"; VariantName = "[No Variations]"
Added Component: Designator=R5A(SM-RES-1206)
Add component. Clean all parameters for all variants
Add component (AddParameter): Name = "Value"; Value = "R1/4W - 1K"; VariantName = "[No Variations]"
Added Component: Designator=R5B(SM-RES-1206)
Add component. Clean all parameters for all variants
Add component (AddParameter): Name = "Value"; Value = "R1/4W - 1K"; VariantName = "[No Variations]"
Added Component: Designator=R5C(SM-RES-1206)
Add component. Clean all parameters for all variants
Add component (AddParameter): Name = "Value"; Value = "R1/4W - 1K"; VariantName = "[No Variations]"
Added Component: Designator=R6A(SM-RES-1206)
Add component. Clean all parameters for all variants
Add component (AddParameter): Name = "Value"; Value = "R1/4W - 1K"; VariantName = "[No Variations]"
Added Component: Designator=R6B(SM-RES-1206)
Add component. Clean all parameters for all variants
Add component (AddParameter): Name = "Value"; Value = "R1/4W - 1K"; VariantName = "[No Variations]"
Added Component: Designator=R6C(SM-RES-1206)
Add component. Clean all parameters for all variants
Add component (AddParameter): Name = "Value"; Value = "R1/4W - 1K"; VariantName = "[No Variations]"
Added Component: Designator=R11(SM-RES-1206)
Add component. Clean all parameters for all variants
Add component (AddParameter): Name = "Value"; Value = "R1/4W - 1K"; VariantName = "[No Variations]"
Added Component: Designator=R12(SM-RES-1206)
Add component. Clean all parameters for all variants
Add component (AddParameter): Name = "Value"; Value = "R1/4W - 1K"; VariantName = "[No Variations]"
Added Component: Designator=R13(SM-RES-1206)
Add component. Clean all parameters for all variants
Add component (AddParameter): Name = "Value"; Value = "R1/4W - 1K"; VariantName = "[No Variations]"
Added Component: Designator=R14(SM-RES-1206)
Add component. Clean all parameters for all variants
Add component (AddParameter): Name = "Value"; Value = "R1/4W - 1K"; VariantName = "[No Variations]"
Added Component: Designator=R15(SM-RES-1206)
Add component. Clean all parameters for all variants
Add component (AddParameter): Name = "Value"; Value = "R1/4W - 1K"; VariantName = "[No Variations]"
Added Component: Designator=R16(SM-RES-1206)
Add component. Clean all parameters for all variants
Add component (AddParameter): Name = "Value"; Value = "R1/4W - 1K"; VariantName = "[No Variations]"
Added Component: Designator=R17(SM-RES-1206)
Add component. Clean all parameters for all variants
Add component (AddParameter): Name = "Value"; Value = "R1/4W - 1K"; VariantName = "[No Variations]"
Added Component: Designator=R18(SM-RES-1206)
Add component. Clean all parameters for all variants
Add component (AddParameter): Name = "Value"; Value = "R1/4W - 1K"; VariantName = "[No Variations]"
Added Component: Designator=R19(SM-RES-1206)
Add component. Clean all parameters for all variants
Add component (AddParameter): Name = "Value"; Value = "R1/4W - 1K"; VariantName = "[No Variations]"
Added Component: Designator=R(SM-RES-1206)
Add component. Clean all parameters for all variants
Add component (AddParameter): Name = "Value"; Value = "R1/4W - 1K"; VariantName = "[No Variations]"
Added Component: Designator=Shunt resistor(RESC10550X48N)
Add component. Clean all parameters for all variants
Add component (AddParameter): Name = "Availability"; Value = "Unavailable"; VariantName = "[No Variations]"
Add component (AddParameter): Name = "MF"; Value = "TE Connectivity"; VariantName = "[No Variations]"
Add component (AddParameter): Name = "MP"; Value = "TLRS105030DR001FTDG"; VariantName = "[No Variations]"
Add component (AddParameter): Name = "Package"; Value = "4120 TE Connectivity"; VariantName = "[No Variations]"
Add component (AddParameter): Name = "Price"; Value = "None"; VariantName = "[No Variations]"
Add component (AddParameter): Name = "SnapEDA_Link"; Value = "https://www.snapeda.com/parts/TLRS105030DR001FTDG/TE%20Connectivity%20Passive%20Product/view-part/496894/?ref=snap"; VariantName = "[No Variations]"
Add component (AddParameter): Name = "TE_purchase_URL"; Value = "https://www.te.com/usa-en/product-TLRS105030DR001FTDG.html?te_bu=Cor&te_type=disp&te_campaign=seda_glo_cor-seda-global-disp-prtnr-fy19-seda-model-bom-cta_sma-317_1&elqCampaignId=32493"; VariantName = "[No Variations]"
Add component (AddParameter): Name = "Value"; Value = ""; VariantName = "[No Variations]"
Added Component: Designator=Source(HED2)
Add component. Clean all parameters for all variants
Add component (AddParameter): Name = "Class"; Value = "Connector"; VariantName = "[No Variations]"
Add component (AddParameter): Name = "Manufacturer"; Value = "Generic Components"; VariantName = "[No Variations]"
Add component (AddParameter): Name = "Value"; Value = "Header 2"; VariantName = "[No Variations]"
Added Component: Designator=STLink(JP4-D1C)
Add component. Clean all parameters for all variants
Add component (AddParameter): Name = "ComponentLink1 Description"; Value = "Manufacturer"; VariantName = "[No Variations]"
Add component (AddParameter): Name = "ComponentLink1URL"; Value = "http://www.we-online.com"; VariantName = "[No Variations]"
Add component (AddParameter): Name = "ComponentLink2 Description"; Value = "Datasheet"; VariantName = "[No Variations]"
Add component (AddParameter): Name = "ComponentLink2URL"; Value = "http://katalog.we-online.de/em/datasheet/6130xx143121.pdf"; VariantName = "[No Variations]"
Add component (AddParameter): Name = "Created by"; Value = "Karrer Zheng"; VariantName = "[No Variations]"
Add component (AddParameter): Name = "Created Date"; Value = "29 March 2013"; VariantName = "[No Variations]"
Add component (AddParameter): Name = "Manufacturer"; Value = "W¨¹rth Elektronik eiSos GmbH"; VariantName = "[No Variations]"
Add component (AddParameter): Name = "NoPins"; Value = "04"; VariantName = "[No Variations]"
Add component (AddParameter): Name = "partNo"; Value = "613004143121"; VariantName = "[No Variations]"
Added Component: Designator=SW(SW1-SMD)
Add component. Clean all parameters for all variants
Add component (AddParameter): Name = "Value"; Value = "SW chip 2 pin"; VariantName = "[No Variations]"
Added Component: Designator=U1A(SO8)
Add component. Clean all parameters for all variants
Added Component: Designator=U1B(SO8)
Add component. Clean all parameters for all variants
Added Component: Designator=U1C(SO8)
Add component. Clean all parameters for all variants
Added Component: Designator=U?(SOIC127P599X175-8N)
Add component. Clean all parameters for all variants
Add component (AddParameter): Name = "Availability"; Value = "Good"; VariantName = "[No Variations]"
Add component (AddParameter): Name = "Check_prices"; Value = "https://www.snapeda.com/parts/SN65HVD230QDR/Texas%20Instruments/view-part/1178075/?ref=eda"; VariantName = "[No Variations]"
Add component (AddParameter): Name = "MF"; Value = "Texas Instruments"; VariantName = "[No Variations]"
Add component (AddParameter): Name = "MP"; Value = "SN65HVD230QDR"; VariantName = "[No Variations]"
Add component (AddParameter): Name = "Package"; Value = "SOIC-8 Texas Instruments"; VariantName = "[No Variations]"
Add component (AddParameter): Name = "Price"; Value = "None"; VariantName = "[No Variations]"
Add component (AddParameter): Name = "Purchase-URL"; Value = "https://pricing.snapeda.com/search/part/SN65HVD230QDR/?ref=eda"; VariantName = "[No Variations]"
Add component (AddParameter): Name = "SnapEDA_Link"; Value = "https://www.snapeda.com/parts/SN65HVD230QDR/Texas%20Instruments/view-part/1178075/?ref=snap"; VariantName = "[No Variations]"
Add component (AddParameter): Name = "Value"; Value = ""; VariantName = "[No Variations]"
Added Component: Designator=U(QFP50P900X900X160-48N)
Add component. Clean all parameters for all variants
Add component (AddParameter): Name = "Availability"; Value = "Unavailable"; VariantName = "[No Variations]"
Add component (AddParameter): Name = "MF"; Value = "STMicroelectronics"; VariantName = "[No Variations]"
Add component (AddParameter): Name = "MP"; Value = "STM32F103C8T6"; VariantName = "[No Variations]"
Add component (AddParameter): Name = "Package"; Value = "LQFP-48 STMicroelectronics"; VariantName = "[No Variations]"
Add component (AddParameter): Name = "Price"; Value = "None"; VariantName = "[No Variations]"
Add component (AddParameter): Name = "SnapEDA_Link"; Value = "https://www.snapeda.com/parts/STM32F103C8T6/STMicroelectronics/view-part/52195/?ref=snap"; VariantName = "[No Variations]"
Add component (AddParameter): Name = "Value"; Value = ""; VariantName = "[No Variations]"
Added Component: Designator=X1(XTAL-RU49/4)
Add component. Clean all parameters for all variants
Add component (AddParameter): Name = "Value"; Value = "4Mhz"; VariantName = "[No Variations]"
Added Component: Designator=X2(XTAL-RU49/4)
Add component. Clean all parameters for all variants
Add component (AddParameter): Name = "Value"; Value = "4Mhz"; VariantName = "[No Variations]"
Added Pin To Net: NetName=GND Pin=AMS1117-1
Added Pin To Net: NetName=GND Pin=C1A-1
Added Pin To Net: NetName=+12 Pin=C1A-2
Added Pin To Net: NetName=GND Pin=C1B-1
Added Pin To Net: NetName=+12 Pin=C1B-2
Added Pin To Net: NetName=GND Pin=C1C-1
Added Pin To Net: NetName=+12 Pin=C1C-2
Added Pin To Net: NetName=+12 Pin=C2A-1
Added Pin To Net: NetName=GND Pin=C2A-2
Added Pin To Net: NetName=+12 Pin=C2B-1
Added Pin To Net: NetName=GND Pin=C2B-2
Added Pin To Net: NetName=+12 Pin=C2C-1
Added Pin To Net: NetName=GND Pin=C2C-2
Added Pin To Net: NetName=NetC3A_1 Pin=C3A-1
Added Pin To Net: NetName=NetC3B_1 Pin=C3B-1
Added Pin To Net: NetName=NetC3C_1 Pin=C3C-1
Added Pin To Net: NetName=GND Pin=C11-1
Added Pin To Net: NetName=GND Pin=C12-1
Added Pin To Net: NetName=GND Pin=C13-2
Added Pin To Net: NetName=GND Pin=C14-1
Added Pin To Net: NetName=GND Pin=C15-1
Added Pin To Net: NetName=GND Pin=C16-2
Added Pin To Net: NetName=GND Pin=C17-2
Added Pin To Net: NetName=GND Pin=C18-2
Added Pin To Net: NetName=GND Pin=C19-2
Added Pin To Net: NetName=GND Pin=C20-2
Added Pin To Net: NetName=GND Pin=C21-2
Added Pin To Net: NetName=GND Pin=C22-2
Added Pin To Net: NetName=GND Pin=C23-2
Added Pin To Net: NetName=GND Pin=C24-2
Added Pin To Net: NetName=GND Pin=C25-2
Added Pin To Net: NetName=GND Pin=C_1-1
Added Pin To Net: NetName=GND Pin=C_2-2
Added Pin To Net: NetName=+12 Pin=Cap1-1
Added Pin To Net: NetName=GND Pin=Cap1-2
Added Pin To Net: NetName=GND Pin=Cap2-1
Added Pin To Net: NetName=+12 Pin=Cap2-2
Added Pin To Net: NetName=GND Pin=Cap3-1
Added Pin To Net: NetName=GND Pin=Cap4-2
Added Pin To Net: NetName=GND Pin=Cap5-2
Added Pin To Net: NetName=+12 Pin=Cap6-1
Added Pin To Net: NetName=GND Pin=Cap6-2
Added Pin To Net: NetName=GND Pin=CS amplifier-1
Added Pin To Net: NetName=GND Pin=CS amplifier-2
Added Pin To Net: NetName=+12 Pin=D1A-1
Added Pin To Net: NetName=NetC3A_1 Pin=D1A-2
Added Pin To Net: NetName=+12 Pin=D1B-1
Added Pin To Net: NetName=NetC3B_1 Pin=D1B-2
Added Pin To Net: NetName=+12 Pin=D1C-1
Added Pin To Net: NetName=NetC3C_1 Pin=D1C-2
Added Pin To Net: NetName=HO_3 Pin=D2A-1
Added Pin To Net: NetName=HO_2 Pin=D2B-1
Added Pin To Net: NetName=HO_1 Pin=D2C-1
Added Pin To Net: NetName=LO_3 Pin=D3A-1
Added Pin To Net: NetName=LO_2 Pin=D3B-1
Added Pin To Net: NetName=LO_1 Pin=D3C-1
Added Pin To Net: NetName=GND Pin=Diode1-1
Added Pin To Net: NetName=HO_3 Pin=DZ1A-2
Added Pin To Net: NetName=HO_2 Pin=DZ1B-2
Added Pin To Net: NetName=HO_1 Pin=DZ1C-2
Added Pin To Net: NetName=GND Pin=DZ2A-1
Added Pin To Net: NetName=LO_3 Pin=DZ2A-2
Added Pin To Net: NetName=GND Pin=DZ2B-1
Added Pin To Net: NetName=LO_2 Pin=DZ2B-2
Added Pin To Net: NetName=GND Pin=DZ2C-1
Added Pin To Net: NetName=LO_1 Pin=DZ2C-2
Added Pin To Net: NetName=+12 Pin=IC1-1
Added Pin To Net: NetName=GND Pin=IC1-2
Added Pin To Net: NetName=+12 Pin=IC2-4
Added Pin To Net: NetName=+12 Pin=L-2
Added Pin To Net: NetName=GND Pin=LED1-2
Added Pin To Net: NetName=NetLED_1 Pin=LED-1
Added Pin To Net: NetName=GND Pin=LED-2
Added Pin To Net: NetName=HO_1 Pin=Q1-1
Added Pin To Net: NetName=LO_1 Pin=Q2-1
Added Pin To Net: NetName=GND Pin=Q2-3
Added Pin To Net: NetName=HO_2 Pin=Q3-1
Added Pin To Net: NetName=LO_2 Pin=Q4-1
Added Pin To Net: NetName=GND Pin=Q4-3
Added Pin To Net: NetName=HO_3 Pin=Q5-1
Added Pin To Net: NetName=LO_3 Pin=Q6-1
Added Pin To Net: NetName=GND Pin=Q6-3
Added Pin To Net: NetName=HO_3 Pin=R3A-2
Added Pin To Net: NetName=HO_2 Pin=R3B-2
Added Pin To Net: NetName=HO_1 Pin=R3C-2
Added Pin To Net: NetName=HO_3 Pin=R4A-2
Added Pin To Net: NetName=HO_2 Pin=R4B-2
Added Pin To Net: NetName=HO_1 Pin=R4C-2
Added Pin To Net: NetName=LO_3 Pin=R5A-2
Added Pin To Net: NetName=LO_2 Pin=R5B-2
Added Pin To Net: NetName=LO_1 Pin=R5C-2
Added Pin To Net: NetName=GND Pin=R6A-1
Added Pin To Net: NetName=LO_3 Pin=R6A-2
Added Pin To Net: NetName=GND Pin=R6B-1
Added Pin To Net: NetName=LO_2 Pin=R6B-2
Added Pin To Net: NetName=GND Pin=R6C-1
Added Pin To Net: NetName=LO_1 Pin=R6C-2
Added Pin To Net: NetName=GND Pin=R12-2
Added Pin To Net: NetName=GND Pin=R16-2
Added Pin To Net: NetName=GND Pin=R18-1
Added Pin To Net: NetName=NetLED_1 Pin=R-1
Added Pin To Net: NetName=GND Pin=Source-2
Added Pin To Net: NetName=GND Pin=STLink-4
Added Pin To Net: NetName=GND Pin=SW-1
Added Pin To Net: NetName=+12 Pin=U1A-1
Added Pin To Net: NetName=GND Pin=U1A-4
Added Pin To Net: NetName=NetC3A_1 Pin=U1A-8
Added Pin To Net: NetName=+12 Pin=U1B-1
Added Pin To Net: NetName=GND Pin=U1B-4
Added Pin To Net: NetName=NetC3B_1 Pin=U1B-8
Added Pin To Net: NetName=+12 Pin=U1C-1
Added Pin To Net: NetName=GND Pin=U1C-4
Added Pin To Net: NetName=NetC3C_1 Pin=U1C-8
Added Pin To Net: NetName=GND Pin=U-8
Added Pin To Net: NetName=GND Pin=U-23
Added Pin To Net: NetName=GND Pin=U-35
Added Pin To Net: NetName=GND Pin=U-47
Added Pin To Net: NetName=GND Pin=U?-2
Added Pin To Net: NetName=+3v3 Pin=AMS1117-2
Added Pin To Net: NetName=+3v3 Pin=C16-1
Added Pin To Net: NetName=+3v3 Pin=C17-1
Added Pin To Net: NetName=+3v3 Pin=C18-1
Added Pin To Net: NetName=+3v3 Pin=C19-1
Added Pin To Net: NetName=+3v3 Pin=C20-1
Added Pin To Net: NetName=+3v3 Pin=C23-1
Added Pin To Net: NetName=+3v3 Pin=C24-1
Added Pin To Net: NetName=+3v3 Pin=CS amplifier-3
Added Pin To Net: NetName=+3v3 Pin=R11-2
Added Pin To Net: NetName=+3v3 Pin=R14-2
Added Pin To Net: NetName=+3v3 Pin=R15-2
Added Pin To Net: NetName=+3v3 Pin=R17-2
Added Pin To Net: NetName=+3v3 Pin=STLink-1
Added Pin To Net: NetName=+3v3 Pin=U-9
Added Pin To Net: NetName=+3v3 Pin=U-24
Added Pin To Net: NetName=+3v3 Pin=U-36
Added Pin To Net: NetName=+3v3 Pin=U-48
Added Net: Name=+3v3
Added Pin To Net: NetName=+5 Pin=AMS1117-3
Added Pin To Net: NetName=+5 Pin=C21-1
Added Pin To Net: NetName=+5 Pin=C22-1
Added Pin To Net: NetName=+5 Pin=C25-1
Added Pin To Net: NetName=+5 Pin=Cap3-2
Added Pin To Net: NetName=+5 Pin=Cap4-1
Added Pin To Net: NetName=+5 Pin=IC1-3
Added Pin To Net: NetName=+5 Pin=U?-3
Added Net: Name=+5
Added Pin To Net: NetName=+ Pin=C_1-2
Added Pin To Net: NetName=+ Pin=C_2-1
Added Pin To Net: NetName=+ Pin=Cap5-1
Added Pin To Net: NetName=+ Pin=CS amplifier-4
Added Pin To Net: NetName=+ Pin=IC2-1
Added Pin To Net: NetName=+ Pin=R-2
Added Pin To Net: NetName=+ Pin=Shunt resistor-1
Added Pin To Net: NetName=+ Pin=Source-1
Added Net: Name=+
Added Pin To Net: NetName=- Pin=CS amplifier-5
Added Pin To Net: NetName=- Pin=Q1-2
Added Pin To Net: NetName=- Pin=Q1-2
Added Pin To Net: NetName=- Pin=Q3-2
Added Pin To Net: NetName=- Pin=Q3-2
Added Pin To Net: NetName=- Pin=Q5-2
Added Pin To Net: NetName=- Pin=Q5-2
Added Pin To Net: NetName=- Pin=Shunt resistor-2
Added Net: Name=-
Added Pin To Net: NetName=CAN_N Pin=JP1-1
Added Pin To Net: NetName=CAN_N Pin=R19-2
Added Pin To Net: NetName=CAN_N Pin=U?-6
Added Net: Name=CAN_N
Added Pin To Net: NetName=CAN_P Pin=JP1-2
Added Pin To Net: NetName=CAN_P Pin=R19-1
Added Pin To Net: NetName=CAN_P Pin=U?-7
Added Net: Name=CAN_P
Added Pin To Net: NetName=Current Pin=CS amplifier-6
Added Pin To Net: NetName=Current Pin=U-21
Added Net: Name=Current
Added Pin To Net: NetName=H_1 Pin=U1C-2
Added Pin To Net: NetName=H_1 Pin=U-10
Added Net: Name=H_1
Added Pin To Net: NetName=H_2 Pin=U1B-2
Added Pin To Net: NetName=H_2 Pin=U-12
Added Net: Name=H_2
Added Pin To Net: NetName=H_3 Pin=U1A-2
Added Pin To Net: NetName=H_3 Pin=U-16
Added Net: Name=H_3
Added Pin To Net: NetName=Hall_1 Pin=Encoder-4
Added Pin To Net: NetName=Hall_1 Pin=U-25
Added Net: Name=Hall_1
Added Pin To Net: NetName=Hall_2 Pin=Encoder-3
Added Pin To Net: NetName=Hall_2 Pin=U-26
Added Net: Name=Hall_2
Added Pin To Net: NetName=Hall_3 Pin=Encoder-2
Added Pin To Net: NetName=Hall_3 Pin=U-27
Added Net: Name=Hall_3
Added Pin To Net: NetName=HOA Pin=D2A-2
Added Pin To Net: NetName=HOA Pin=R3A-1
Added Pin To Net: NetName=HOA Pin=U1A-7
Added Net: Name=HOA
Added Pin To Net: NetName=HOB Pin=D2B-2
Added Pin To Net: NetName=HOB Pin=R3B-1
Added Pin To Net: NetName=HOB Pin=U1B-7
Added Net: Name=HOB
Added Pin To Net: NetName=HOC Pin=D2C-2
Added Pin To Net: NetName=HOC Pin=R3C-1
Added Pin To Net: NetName=HOC Pin=U1C-7
Added Net: Name=HOC
Added Pin To Net: NetName=L_1 Pin=U1C-3
Added Pin To Net: NetName=L_1 Pin=U-11
Added Net: Name=L_1
Added Pin To Net: NetName=L_2 Pin=U1B-3
Added Pin To Net: NetName=L_2 Pin=U-13
Added Net: Name=L_2
Added Pin To Net: NetName=L_3 Pin=U1A-3
Added Pin To Net: NetName=L_3 Pin=U-17
Added Net: Name=L_3
Added Pin To Net: NetName=LOA Pin=D3A-2
Added Pin To Net: NetName=LOA Pin=R5A-1
Added Pin To Net: NetName=LOA Pin=U1A-5
Added Net: Name=LOA
Added Pin To Net: NetName=LOB Pin=D3B-2
Added Pin To Net: NetName=LOB Pin=R5B-1
Added Pin To Net: NetName=LOB Pin=U1B-5
Added Net: Name=LOB
Added Pin To Net: NetName=LOC Pin=D3C-2
Added Pin To Net: NetName=LOC Pin=R5C-1
Added Pin To Net: NetName=LOC Pin=U1C-5
Added Net: Name=LOC
Added Pin To Net: NetName=NetDiode1_2 Pin=Diode1-2
Added Pin To Net: NetName=NetDiode1_2 Pin=IC2-2
Added Pin To Net: NetName=NetDiode1_2 Pin=L-1
Added Net: Name=NetDiode1_2
Added Pin To Net: NetName=NetIC2_3 Pin=IC2-3
Added Pin To Net: NetName=NetIC2_3 Pin=IC2-5
Added Net: Name=NetIC2_3
Added Pin To Net: NetName=NetLED1_1 Pin=LED1-1
Added Pin To Net: NetName=NetLED1_1 Pin=R14-1
Added Net: Name=NetLED1_1
Added Pin To Net: NetName=NetLED2_1 Pin=LED2-1
Added Pin To Net: NetName=NetLED2_1 Pin=R15-1
Added Net: Name=NetLED2_1
Added Pin To Net: NetName=NetR12_1 Pin=R12-1
Added Pin To Net: NetName=NetR12_1 Pin=U-44
Added Net: Name=NetR12_1
Added Pin To Net: NetName=NetR18_2 Pin=R18-2
Added Pin To Net: NetName=NetR18_2 Pin=U?-8
Added Net: Name=NetR18_2
Added Pin To Net: NetName=OSC32_in Pin=C14-2
Added Pin To Net: NetName=OSC32_in Pin=U-3
Added Pin To Net: NetName=OSC32_in Pin=X2-2
Added Net: Name=OSC32_in
Added Pin To Net: NetName=OSC32_out Pin=C15-2
Added Pin To Net: NetName=OSC32_out Pin=U-4
Added Pin To Net: NetName=OSC32_out Pin=X2-1
Added Net: Name=OSC32_out
Added Pin To Net: NetName=OSC_in Pin=C11-2
Added Pin To Net: NetName=OSC_in Pin=R13-2
Added Pin To Net: NetName=OSC_in Pin=U-5
Added Pin To Net: NetName=OSC_in Pin=X1-2
Added Net: Name=OSC_in
Added Pin To Net: NetName=OSC_out Pin=C12-2
Added Pin To Net: NetName=OSC_out Pin=R13-1
Added Pin To Net: NetName=OSC_out Pin=U-6
Added Pin To Net: NetName=OSC_out Pin=X1-1
Added Net: Name=OSC_out
Added Pin To Net: NetName=P1 Pin=C3C-2
Added Pin To Net: NetName=P1 Pin=DZ1C-1
Added Pin To Net: NetName=P1 Pin=MOTOR-3
Added Pin To Net: NetName=P1 Pin=Q1-3
Added Pin To Net: NetName=P1 Pin=Q2-2
Added Pin To Net: NetName=P1 Pin=Q2-2
Added Pin To Net: NetName=P1 Pin=R4C-1
Added Pin To Net: NetName=P1 Pin=U1C-6
Added Net: Name=P1
Added Pin To Net: NetName=P2 Pin=C3B-2
Added Pin To Net: NetName=P2 Pin=DZ1B-1
Added Pin To Net: NetName=P2 Pin=MOTOR-2
Added Pin To Net: NetName=P2 Pin=Q3-3
Added Pin To Net: NetName=P2 Pin=Q4-2
Added Pin To Net: NetName=P2 Pin=Q4-2
Added Pin To Net: NetName=P2 Pin=R4B-1
Added Pin To Net: NetName=P2 Pin=U1B-6
Added Net: Name=P2
Added Pin To Net: NetName=P3 Pin=C3A-2
Added Pin To Net: NetName=P3 Pin=DZ1A-1
Added Pin To Net: NetName=P3 Pin=MOTOR-1
Added Pin To Net: NetName=P3 Pin=Q5-3
Added Pin To Net: NetName=P3 Pin=Q6-2
Added Pin To Net: NetName=P3 Pin=Q6-2
Added Pin To Net: NetName=P3 Pin=R4A-1
Added Pin To Net: NetName=P3 Pin=U1A-6
Added Net: Name=P3
Added Pin To Net: NetName=PC13 Pin=LED2-2
Added Pin To Net: NetName=PC13 Pin=U-2
Added Net: Name=PC13
Added Pin To Net: NetName=RESET Pin=C13-1
Added Pin To Net: NetName=RESET Pin=R11-1
Added Pin To Net: NetName=RESET Pin=SW-2
Added Pin To Net: NetName=RESET Pin=U-7
Added Net: Name=RESET
Added Pin To Net: NetName=RX Pin=U-31
Added Pin To Net: NetName=RX Pin=U?-4
Added Net: Name=RX
Added Pin To Net: NetName=SWCLK Pin=R17-1
Added Pin To Net: NetName=SWCLK Pin=STLink-3
Added Pin To Net: NetName=SWCLK Pin=U-37
Added Net: Name=SWCLK
Added Pin To Net: NetName=SWDIO Pin=R16-1
Added Pin To Net: NetName=SWDIO Pin=STLink-2
Added Pin To Net: NetName=SWDIO Pin=U-34
Added Net: Name=SWDIO
Added Pin To Net: NetName=Temerature Pin=Encoder-1
Added Pin To Net: NetName=Temerature Pin=U-22
Added Net: Name=Temerature
Added Pin To Net: NetName=TX Pin=U-30
Added Pin To Net: NetName=TX Pin=U?-1
Added Net: Name=TX
Added Class: Name=Main
Added Class: Name=U_MCU
Added Differential Pair: Name=CAN
Added Member To Class: ClassName=U_IC_driver1 Member=Component C1A (C1) 104
Added Member To Class: ClassName=U_IC_driver2 Member=Component C1B (C1) 104
Added Member To Class: ClassName=U_IC_driver3 Member=Component C1C (C1) 104
Added Member To Class: ClassName=U_IC_driver1 Member=Component C2A (C2) 10uF
Added Member To Class: ClassName=U_IC_driver2 Member=Component C2B (C2) 10uF
Added Member To Class: ClassName=U_IC_driver3 Member=Component C2C (C2) 10uF
Added Member To Class: ClassName=U_IC_driver1 Member=Component C3A (C3) 10uF
Added Member To Class: ClassName=U_IC_driver2 Member=Component C3B (C3) 10uF
Added Member To Class: ClassName=U_IC_driver3 Member=Component C3C (C3) 10uF
Added Member To Class: ClassName=U_Motor Member=Component C_1 104
Added Member To Class: ClassName=U_Motor Member=Component C_2 2000uF/16V
Added Member To Class: ClassName=U_Motor Member=Component CS amplifier INA199A2DCKT
Added Member To Class: ClassName=U_IC_driver1 Member=Component D1A (D1) 1N4148
Added Member To Class: ClassName=U_IC_driver2 Member=Component D1B (D1) 1N4148
Added Member To Class: ClassName=U_IC_driver3 Member=Component D1C (D1) 1N4148
Added Member To Class: ClassName=U_IC_driver1 Member=Component D2A (D2) 1N4148
Added Member To Class: ClassName=U_IC_driver2 Member=Component D2B (D2) 1N4148
Added Member To Class: ClassName=U_IC_driver3 Member=Component D2C (D2) 1N4148
Added Member To Class: ClassName=U_IC_driver1 Member=Component D3A (D3) 1N4148
Added Member To Class: ClassName=U_IC_driver2 Member=Component D3B (D3) 1N4148
Added Member To Class: ClassName=U_IC_driver3 Member=Component D3C (D3) 1N4148
Added Member To Class: ClassName=U_IC_driver1 Member=Component DZ1A (DZ1) DIODE Zener
Added Member To Class: ClassName=U_IC_driver2 Member=Component DZ1B (DZ1) DIODE Zener
Added Member To Class: ClassName=U_IC_driver3 Member=Component DZ1C (DZ1) DIODE Zener
Added Member To Class: ClassName=U_IC_driver1 Member=Component DZ2A (DZ2) DIODE Zener
Added Member To Class: ClassName=U_IC_driver2 Member=Component DZ2B (DZ2) DIODE Zener
Added Member To Class: ClassName=U_IC_driver3 Member=Component DZ2C (DZ2) DIODE Zener
Added Member To Class: ClassName=U_Motor Member=Component Encoder KF4
Added Member To Class: ClassName=U_Motor Member=Component LED LED SMD
Added Member To Class: ClassName=U_Motor Member=Component MOTOR KF3
Added Member To Class: ClassName=U_Motor Member=Component Q1 IRFZ44
Added Member To Class: ClassName=U_Motor Member=Component Q2 IRFZ44
Added Member To Class: ClassName=U_Motor Member=Component Q3 IRFZ44
Added Member To Class: ClassName=U_Motor Member=Component Q4 IRFZ44
Added Member To Class: ClassName=U_Motor Member=Component Q5 IRFZ44
Added Member To Class: ClassName=U_Motor Member=Component Q6 IRFZ44
Added Member To Class: ClassName=U_IC_driver1 Member=Component R3A (R3) 10
Added Member To Class: ClassName=U_IC_driver2 Member=Component R3B (R3) 10
Added Member To Class: ClassName=U_IC_driver3 Member=Component R3C (R3) 10
Added Member To Class: ClassName=U_IC_driver1 Member=Component R4A (R4) 4.7k
Added Member To Class: ClassName=U_IC_driver2 Member=Component R4B (R4) 4.7k
Added Member To Class: ClassName=U_IC_driver3 Member=Component R4C (R4) 4.7k
Added Member To Class: ClassName=U_IC_driver1 Member=Component R5A (R5) 10
Added Member To Class: ClassName=U_IC_driver2 Member=Component R5B (R5) 10
Added Member To Class: ClassName=U_IC_driver3 Member=Component R5C (R5) 10
Added Member To Class: ClassName=U_IC_driver1 Member=Component R6A (R6) 4.7k
Added Member To Class: ClassName=U_IC_driver2 Member=Component R6B (R6) 4.7k
Added Member To Class: ClassName=U_IC_driver3 Member=Component R6C (R6) 4.7k
Added Member To Class: ClassName=U_Motor Member=Component R 1k
Added Member To Class: ClassName=U_Motor Member=Component Shunt resistor TLRS105030DR001FTDG
Added Member To Class: ClassName=U_IC_driver1 Member=Component U1A (U1) IR2101
Added Member To Class: ClassName=U_IC_driver2 Member=Component U1B (U1) IR2101
Added Member To Class: ClassName=U_IC_driver3 Member=Component U1C (U1) IR2101
Added Room: Name=Main
Added Room: Name=U_IC_driver1
Added Room: Name=U_IC_driver2
Added Room: Name=U_IC_driver3
Added Room: Name=U_MCU
Added Room: Name=U_Motor
Added Class: Name=CAN_DIFF
