Added Component: Designator=C1A(SM-CAP-0805)
Add component. Clean all parameters for all variants
Add component (AddParameter): Name = "Designed by"; Value = "VanDungEvn"; VariantName = "[No Variations]"
Add component (AddParameter): Name = "Value"; Value = "0,1uF/300V"; VariantName = "[No Variations]"
Added Component: Designator=C1B(SM-CAP-0805)
Add component. Clean all parameters for all variants
Add component (AddParameter): Name = "Designed by"; Value = "VanDungEvn"; VariantName = "[No Variations]"
Add component (AddParameter): Name = "Value"; Value = "0,1uF/300V"; VariantName = "[No Variations]"
Added Component: Designator=C1C(SM-CAP-0805)
Add component. Clean all parameters for all variants
Add component (AddParameter): Name = "Designed by"; Value = "VanDungEvn"; VariantName = "[No Variations]"
Add component (AddParameter): Name = "Value"; Value = "0,1uF/300V"; VariantName = "[No Variations]"
Added Component: Designator=C1(SM-CAP-0805)
Add component. Clean all parameters for all variants
Add component (AddParameter): Name = "Designed by"; Value = "VanDungEvn"; VariantName = "[No Variations]"
Add component (AddParameter): Name = "Value"; Value = "0,1uF/300V"; VariantName = "[No Variations]"
Added Component: Designator=C2A(CAP-ALU-SMD-4.5x5x1.4)
Add component. Clean all parameters for all variants
Add component (AddParameter): Name = "LatestRevisionDate"; Value = "17-Jul-2002"; VariantName = "[No Variations]"
Add component (AddParameter): Name = "LatestRevisionNote"; Value = "Re-released for DXP Platform."; VariantName = "[No Variations]"
Add component (AddParameter): Name = "PackageReference"; Value = "POLAR0.8"; VariantName = "[No Variations]"
Add component (AddParameter): Name = "Published"; Value = "8-Jun-2000"; VariantName = "[No Variations]"
Add component (AddParameter): Name = "Publisher"; Value = "Altium Limited"; VariantName = "[No Variations]"
Added Component: Designator=C2B(CAP-ALU-SMD-4.5x5x1.4)
Add component. Clean all parameters for all variants
Add component (AddParameter): Name = "LatestRevisionDate"; Value = "17-Jul-2002"; VariantName = "[No Variations]"
Add component (AddParameter): Name = "LatestRevisionNote"; Value = "Re-released for DXP Platform."; VariantName = "[No Variations]"
Add component (AddParameter): Name = "PackageReference"; Value = "POLAR0.8"; VariantName = "[No Variations]"
Add component (AddParameter): Name = "Published"; Value = "8-Jun-2000"; VariantName = "[No Variations]"
Add component (AddParameter): Name = "Publisher"; Value = "Altium Limited"; VariantName = "[No Variations]"
Added Component: Designator=C2C(CAP-ALU-SMD-4.5x5x1.4)
Add component. Clean all parameters for all variants
Add component (AddParameter): Name = "LatestRevisionDate"; Value = "17-Jul-2002"; VariantName = "[No Variations]"
Add component (AddParameter): Name = "LatestRevisionNote"; Value = "Re-released for DXP Platform."; VariantName = "[No Variations]"
Add component (AddParameter): Name = "PackageReference"; Value = "POLAR0.8"; VariantName = "[No Variations]"
Add component (AddParameter): Name = "Published"; Value = "8-Jun-2000"; VariantName = "[No Variations]"
Add component (AddParameter): Name = "Publisher"; Value = "Altium Limited"; VariantName = "[No Variations]"
Added Component: Designator=C2(CA-ALU-2.54)
Add component. Clean all parameters for all variants
Add component (AddParameter): Name = ""; Value = ""; VariantName = "[No Variations]"
Add component (AddParameter): Name = "LatestRevisionDate"; Value = "17-Jul-2002"; VariantName = "[No Variations]"
Add component (AddParameter): Name = "LatestRevisionNote"; Value = "Re-released for DXP Platform."; VariantName = "[No Variations]"
Add component (AddParameter): Name = "PackageReference"; Value = "C1206"; VariantName = "[No Variations]"
Add component (AddParameter): Name = "Publisher"; Value = "Altium Limited"; VariantName = "[No Variations]"
Add component (AddParameter): Name = "Value"; Value = "104"; VariantName = "[No Variations]"
Added Component: Designator=C3A(CAP-ALU-SMD-4.5x5x1.4)
Add component. Clean all parameters for all variants
Add component (AddParameter): Name = "LatestRevisionDate"; Value = "17-Jul-2002"; VariantName = "[No Variations]"
Add component (AddParameter): Name = "LatestRevisionNote"; Value = "Re-released for DXP Platform."; VariantName = "[No Variations]"
Add component (AddParameter): Name = "PackageReference"; Value = "POLAR0.8"; VariantName = "[No Variations]"
Add component (AddParameter): Name = "Published"; Value = "8-Jun-2000"; VariantName = "[No Variations]"
Add component (AddParameter): Name = "Publisher"; Value = "Altium Limited"; VariantName = "[No Variations]"
Added Component: Designator=C3B(CAP-ALU-SMD-4.5x5x1.4)
Add component. Clean all parameters for all variants
Add component (AddParameter): Name = "LatestRevisionDate"; Value = "17-Jul-2002"; VariantName = "[No Variations]"
Add component (AddParameter): Name = "LatestRevisionNote"; Value = "Re-released for DXP Platform."; VariantName = "[No Variations]"
Add component (AddParameter): Name = "PackageReference"; Value = "POLAR0.8"; VariantName = "[No Variations]"
Add component (AddParameter): Name = "Published"; Value = "8-Jun-2000"; VariantName = "[No Variations]"
Add component (AddParameter): Name = "Publisher"; Value = "Altium Limited"; VariantName = "[No Variations]"
Added Component: Designator=C3C(CAP-ALU-SMD-4.5x5x1.4)
Add component. Clean all parameters for all variants
Add component (AddParameter): Name = "LatestRevisionDate"; Value = "17-Jul-2002"; VariantName = "[No Variations]"
Add component (AddParameter): Name = "LatestRevisionNote"; Value = "Re-released for DXP Platform."; VariantName = "[No Variations]"
Add component (AddParameter): Name = "PackageReference"; Value = "POLAR0.8"; VariantName = "[No Variations]"
Add component (AddParameter): Name = "Published"; Value = "8-Jun-2000"; VariantName = "[No Variations]"
Add component (AddParameter): Name = "Publisher"; Value = "Altium Limited"; VariantName = "[No Variations]"
Added Component: Designator=D1A(DIO-SMD-106)
Add component. Clean all parameters for all variants
Add component (AddParameter): Name = "Code - JEDEC"; Value = "DO-214-AB"; VariantName = "[No Variations]"
Add component (AddParameter): Name = "Published"; Value = "8-Jun-2000"; VariantName = "[No Variations]"
Add component (AddParameter): Name = "Publisher"; Value = "Altium Limited"; VariantName = "[No Variations]"
Add component (AddParameter): Name = "Revision"; Value = "July-2002: Re-released for DXP Platform."; VariantName = "[No Variations]"
Add component (AddParameter): Name = "Value"; Value = "1N5007"; VariantName = "[No Variations]"
Added Component: Designator=D1B(DIO-SMD-106)
Add component. Clean all parameters for all variants
Add component (AddParameter): Name = "Code - JEDEC"; Value = "DO-214-AB"; VariantName = "[No Variations]"
Add component (AddParameter): Name = "Published"; Value = "8-Jun-2000"; VariantName = "[No Variations]"
Add component (AddParameter): Name = "Publisher"; Value = "Altium Limited"; VariantName = "[No Variations]"
Add component (AddParameter): Name = "Revision"; Value = "July-2002: Re-released for DXP Platform."; VariantName = "[No Variations]"
Add component (AddParameter): Name = "Value"; Value = "1N5007"; VariantName = "[No Variations]"
Added Component: Designator=D1C(DIO-SMD-106)
Add component. Clean all parameters for all variants
Add component (AddParameter): Name = "Code - JEDEC"; Value = "DO-214-AB"; VariantName = "[No Variations]"
Add component (AddParameter): Name = "Published"; Value = "8-Jun-2000"; VariantName = "[No Variations]"
Add component (AddParameter): Name = "Publisher"; Value = "Altium Limited"; VariantName = "[No Variations]"
Add component (AddParameter): Name = "Revision"; Value = "July-2002: Re-released for DXP Platform."; VariantName = "[No Variations]"
Add component (AddParameter): Name = "Value"; Value = "1N5007"; VariantName = "[No Variations]"
Added Component: Designator=D2A(DIO-SMD-106)
Add component. Clean all parameters for all variants
Add component (AddParameter): Name = "Code - JEDEC"; Value = "DO-214-AB"; VariantName = "[No Variations]"
Add component (AddParameter): Name = "Published"; Value = "8-Jun-2000"; VariantName = "[No Variations]"
Add component (AddParameter): Name = "Publisher"; Value = "Altium Limited"; VariantName = "[No Variations]"
Add component (AddParameter): Name = "Revision"; Value = "July-2002: Re-released for DXP Platform."; VariantName = "[No Variations]"
Add component (AddParameter): Name = "Value"; Value = "1N5007"; VariantName = "[No Variations]"
Added Component: Designator=D2B(DIO-SMD-106)
Add component. Clean all parameters for all variants
Add component (AddParameter): Name = "Code - JEDEC"; Value = "DO-214-AB"; VariantName = "[No Variations]"
Add component (AddParameter): Name = "Published"; Value = "8-Jun-2000"; VariantName = "[No Variations]"
Add component (AddParameter): Name = "Publisher"; Value = "Altium Limited"; VariantName = "[No Variations]"
Add component (AddParameter): Name = "Revision"; Value = "July-2002: Re-released for DXP Platform."; VariantName = "[No Variations]"
Add component (AddParameter): Name = "Value"; Value = "1N5007"; VariantName = "[No Variations]"
Added Component: Designator=D2C(DIO-SMD-106)
Add component. Clean all parameters for all variants
Add component (AddParameter): Name = "Code - JEDEC"; Value = "DO-214-AB"; VariantName = "[No Variations]"
Add component (AddParameter): Name = "Published"; Value = "8-Jun-2000"; VariantName = "[No Variations]"
Add component (AddParameter): Name = "Publisher"; Value = "Altium Limited"; VariantName = "[No Variations]"
Add component (AddParameter): Name = "Revision"; Value = "July-2002: Re-released for DXP Platform."; VariantName = "[No Variations]"
Add component (AddParameter): Name = "Value"; Value = "1N5007"; VariantName = "[No Variations]"
Added Component: Designator=D3A(DIO-SMD-106)
Add component. Clean all parameters for all variants
Add component (AddParameter): Name = "Code - JEDEC"; Value = "DO-214-AB"; VariantName = "[No Variations]"
Add component (AddParameter): Name = "Published"; Value = "8-Jun-2000"; VariantName = "[No Variations]"
Add component (AddParameter): Name = "Publisher"; Value = "Altium Limited"; VariantName = "[No Variations]"
Add component (AddParameter): Name = "Revision"; Value = "July-2002: Re-released for DXP Platform."; VariantName = "[No Variations]"
Add component (AddParameter): Name = "Value"; Value = "1N5007"; VariantName = "[No Variations]"
Added Component: Designator=D3B(DIO-SMD-106)
Add component. Clean all parameters for all variants
Add component (AddParameter): Name = "Code - JEDEC"; Value = "DO-214-AB"; VariantName = "[No Variations]"
Add component (AddParameter): Name = "Published"; Value = "8-Jun-2000"; VariantName = "[No Variations]"
Add component (AddParameter): Name = "Publisher"; Value = "Altium Limited"; VariantName = "[No Variations]"
Add component (AddParameter): Name = "Revision"; Value = "July-2002: Re-released for DXP Platform."; VariantName = "[No Variations]"
Add component (AddParameter): Name = "Value"; Value = "1N5007"; VariantName = "[No Variations]"
Added Component: Designator=D3C(DIO-SMD-106)
Add component. Clean all parameters for all variants
Add component (AddParameter): Name = "Code - JEDEC"; Value = "DO-214-AB"; VariantName = "[No Variations]"
Add component (AddParameter): Name = "Published"; Value = "8-Jun-2000"; VariantName = "[No Variations]"
Add component (AddParameter): Name = "Publisher"; Value = "Altium Limited"; VariantName = "[No Variations]"
Add component (AddParameter): Name = "Revision"; Value = "July-2002: Re-released for DXP Platform."; VariantName = "[No Variations]"
Add component (AddParameter): Name = "Value"; Value = "1N5007"; VariantName = "[No Variations]"
Added Component: Designator=DZ1A(DIO-1A)
Add component. Clean all parameters for all variants
Added Component: Designator=DZ1B(DIO-1A)
Add component. Clean all parameters for all variants
Added Component: Designator=DZ1C(DIO-1A)
Add component. Clean all parameters for all variants
Added Component: Designator=DZ2A(DIO-1A)
Add component. Clean all parameters for all variants
Added Component: Designator=DZ2B(DIO-1A)
Add component. Clean all parameters for all variants
Added Component: Designator=DZ2C(DIO-1A)
Add component. Clean all parameters for all variants
Added Component: Designator=LED(SM-LED-0805-Blue)
Add component. Clean all parameters for all variants
Added Component: Designator=MOTOR(KF3-5.08)
Add component. Clean all parameters for all variants
Add component (AddParameter): Name = "ComponentLink1 Description"; Value = "Manufacturer"; VariantName = "[No Variations]"
Add component (AddParameter): Name = "ComponentLink1URL"; Value = "http://www.we-online.com"; VariantName = "[No Variations]"
Add component (AddParameter): Name = "ComponentLink2 Description"; Value = "Datasheet"; VariantName = "[No Variations]"
Add component (AddParameter): Name = "ComponentLink2URL"; Value = "http://katalog.we-online.de/em/datasheet/6911031100xx.pdf"; VariantName = "[No Variations]"
Add component (AddParameter): Name = "Created by"; Value = "Karrer Zheng"; VariantName = "[No Variations]"
Add component (AddParameter): Name = "Created Date"; Value = "29 October 2013"; VariantName = "[No Variations]"
Add component (AddParameter): Name = "Manufacturer"; Value = "Würth Elektronik eiSos GmbH"; VariantName = "[No Variations]"
Add component (AddParameter): Name = "NoPins"; Value = "3"; VariantName = "[No Variations]"
Add component (AddParameter): Name = "partNo"; Value = "691103110003"; VariantName = "[No Variations]"
Added Component: Designator=Q1(TO220-123)
Add component. Clean all parameters for all variants
Add component (AddParameter): Name = "Value"; Value = "IRF840"; VariantName = "[No Variations]"
Added Component: Designator=Q2(TO220-123)
Add component. Clean all parameters for all variants
Add component (AddParameter): Name = "Value"; Value = "IRF840"; VariantName = "[No Variations]"
Added Component: Designator=Q3(TO220-123)
Add component. Clean all parameters for all variants
Add component (AddParameter): Name = "Value"; Value = "IRF840"; VariantName = "[No Variations]"
Added Component: Designator=Q4(TO220-123)
Add component. Clean all parameters for all variants
Add component (AddParameter): Name = "Value"; Value = "IRF840"; VariantName = "[No Variations]"
Added Component: Designator=Q5(TO220-123)
Add component. Clean all parameters for all variants
Add component (AddParameter): Name = "Value"; Value = "IRF840"; VariantName = "[No Variations]"
Added Component: Designator=Q6(TO220-123)
Add component. Clean all parameters for all variants
Add component (AddParameter): Name = "Value"; Value = "IRF840"; VariantName = "[No Variations]"
Added Component: Designator=R1A(SM-RES-1206)
Add component. Clean all parameters for all variants
Add component (AddParameter): Name = "Value"; Value = "R1/4W - 1K"; VariantName = "[No Variations]"
Added Component: Designator=R1B(SM-RES-1206)
Add component. Clean all parameters for all variants
Add component (AddParameter): Name = "Value"; Value = "R1/4W - 1K"; VariantName = "[No Variations]"
Added Component: Designator=R1C(SM-RES-1206)
Add component. Clean all parameters for all variants
Add component (AddParameter): Name = "Value"; Value = "R1/4W - 1K"; VariantName = "[No Variations]"
Added Component: Designator=R2A(SM-RES-1206)
Add component. Clean all parameters for all variants
Add component (AddParameter): Name = "Value"; Value = "R1/4W - 1K"; VariantName = "[No Variations]"
Added Component: Designator=R2B(SM-RES-1206)
Add component. Clean all parameters for all variants
Add component (AddParameter): Name = "Value"; Value = "R1/4W - 1K"; VariantName = "[No Variations]"
Added Component: Designator=R2C(SM-RES-1206)
Add component. Clean all parameters for all variants
Add component (AddParameter): Name = "Value"; Value = "R1/4W - 1K"; VariantName = "[No Variations]"
Added Component: Designator=R3A(SM-RES-1206)
Add component. Clean all parameters for all variants
Add component (AddParameter): Name = "Value"; Value = "R1/4W - 1K"; VariantName = "[No Variations]"
Added Component: Designator=R3B(SM-RES-1206)
Add component. Clean all parameters for all variants
Add component (AddParameter): Name = "Value"; Value = "R1/4W - 1K"; VariantName = "[No Variations]"
Added Component: Designator=R3C(SM-RES-1206)
Add component. Clean all parameters for all variants
Add component (AddParameter): Name = "Value"; Value = "R1/4W - 1K"; VariantName = "[No Variations]"
Added Component: Designator=R4A(SM-RES-1206)
Add component. Clean all parameters for all variants
Add component (AddParameter): Name = "Value"; Value = "R1/4W - 1K"; VariantName = "[No Variations]"
Added Component: Designator=R4B(SM-RES-1206)
Add component. Clean all parameters for all variants
Add component (AddParameter): Name = "Value"; Value = "R1/4W - 1K"; VariantName = "[No Variations]"
Added Component: Designator=R4C(SM-RES-1206)
Add component. Clean all parameters for all variants
Add component (AddParameter): Name = "Value"; Value = "R1/4W - 1K"; VariantName = "[No Variations]"
Added Component: Designator=R5A(SM-RES-1206)
Add component. Clean all parameters for all variants
Add component (AddParameter): Name = "Value"; Value = "R1/4W - 1K"; VariantName = "[No Variations]"
Added Component: Designator=R5B(SM-RES-1206)
Add component. Clean all parameters for all variants
Add component (AddParameter): Name = "Value"; Value = "R1/4W - 1K"; VariantName = "[No Variations]"
Added Component: Designator=R5C(SM-RES-1206)
Add component. Clean all parameters for all variants
Add component (AddParameter): Name = "Value"; Value = "R1/4W - 1K"; VariantName = "[No Variations]"
Added Component: Designator=R6A(SM-RES-1206)
Add component. Clean all parameters for all variants
Add component (AddParameter): Name = "Value"; Value = "R1/4W - 1K"; VariantName = "[No Variations]"
Added Component: Designator=R6B(SM-RES-1206)
Add component. Clean all parameters for all variants
Add component (AddParameter): Name = "Value"; Value = "R1/4W - 1K"; VariantName = "[No Variations]"
Added Component: Designator=R6C(SM-RES-1206)
Add component. Clean all parameters for all variants
Add component (AddParameter): Name = "Value"; Value = "R1/4W - 1K"; VariantName = "[No Variations]"
Added Component: Designator=R(SM-RES-1206)
Add component. Clean all parameters for all variants
Add component (AddParameter): Name = "Value"; Value = "R1/4W - 1K"; VariantName = "[No Variations]"
Added Component: Designator=U1A(SO8)
Add component. Clean all parameters for all variants
Added Component: Designator=U1B(SO8)
Add component. Clean all parameters for all variants
Added Component: Designator=U1C(SO8)
Add component. Clean all parameters for all variants
Added Pin To Net: NetName=GND Pin=C1-1
Added Pin To Net: NetName=GND Pin=C1A-1
Added Pin To Net: NetName=+12 Pin=C1A-2
Added Pin To Net: NetName=GND Pin=C1B-1
Added Pin To Net: NetName=+12 Pin=C1B-2
Added Pin To Net: NetName=GND Pin=C1C-1
Added Pin To Net: NetName=+12 Pin=C1C-2
Added Pin To Net: NetName=GND Pin=C2-2
Added Pin To Net: NetName=+12 Pin=C2A-1
Added Pin To Net: NetName=GND Pin=C2A-2
Added Pin To Net: NetName=+12 Pin=C2B-1
Added Pin To Net: NetName=GND Pin=C2B-2
Added Pin To Net: NetName=+12 Pin=C2C-1
Added Pin To Net: NetName=GND Pin=C2C-2
Added Pin To Net: NetName=VS3 Pin=C3A-2
Added Pin To Net: NetName=VS2 Pin=C3B-2
Added Pin To Net: NetName=VS1 Pin=C3C-2
Added Pin To Net: NetName=+12 Pin=D1A-1
Added Pin To Net: NetName=+12 Pin=D1B-1
Added Pin To Net: NetName=+12 Pin=D1C-1
Added Pin To Net: NetName=HO3 Pin=D2A-1
Added Pin To Net: NetName=HO2 Pin=D2B-1
Added Pin To Net: NetName=HO1 Pin=D2C-1
Added Pin To Net: NetName=LO3 Pin=D3A-1
Added Pin To Net: NetName=LO2 Pin=D3B-1
Added Pin To Net: NetName=LO1 Pin=D3C-1
Added Pin To Net: NetName=VS3 Pin=DZ1A-1
Added Pin To Net: NetName=HO3 Pin=DZ1A-2
Added Pin To Net: NetName=VS2 Pin=DZ1B-1
Added Pin To Net: NetName=HO2 Pin=DZ1B-2
Added Pin To Net: NetName=VS1 Pin=DZ1C-1
Added Pin To Net: NetName=HO1 Pin=DZ1C-2
Added Pin To Net: NetName=GND Pin=DZ2A-1
Added Pin To Net: NetName=LO3 Pin=DZ2A-2
Added Pin To Net: NetName=GND Pin=DZ2B-1
Added Pin To Net: NetName=LO2 Pin=DZ2B-2
Added Pin To Net: NetName=GND Pin=DZ2C-1
Added Pin To Net: NetName=LO1 Pin=DZ2C-2
Added Pin To Net: NetName=GND Pin=LED-2
Added Pin To Net: NetName=VS3 Pin=MOTOR-1
Added Pin To Net: NetName=VS2 Pin=MOTOR-2
Added Pin To Net: NetName=VS1 Pin=MOTOR-3
Added Pin To Net: NetName=HO1 Pin=Q1-1
Added Pin To Net: NetName=VS1 Pin=Q1-3
Added Pin To Net: NetName=LO1 Pin=Q2-1
Added Pin To Net: NetName=VS1 Pin=Q2-2
Added Pin To Net: NetName=GND Pin=Q2-3
Added Pin To Net: NetName=HO2 Pin=Q3-1
Added Pin To Net: NetName=VS2 Pin=Q3-3
Added Pin To Net: NetName=LO2 Pin=Q4-1
Added Pin To Net: NetName=VS2 Pin=Q4-2
Added Pin To Net: NetName=GND Pin=Q4-3
Added Pin To Net: NetName=HO3 Pin=Q5-1
Added Pin To Net: NetName=VS3 Pin=Q5-3
Added Pin To Net: NetName=LO3 Pin=Q6-1
Added Pin To Net: NetName=VS3 Pin=Q6-2
Added Pin To Net: NetName=GND Pin=Q6-3
Added Pin To Net: NetName=GND Pin=R1A-1
Added Pin To Net: NetName=GND Pin=R1B-1
Added Pin To Net: NetName=GND Pin=R1C-1
Added Pin To Net: NetName=GND Pin=R2A-1
Added Pin To Net: NetName=GND Pin=R2B-1
Added Pin To Net: NetName=GND Pin=R2C-1
Added Pin To Net: NetName=HO3 Pin=R3A-2
Added Pin To Net: NetName=HO2 Pin=R3B-2
Added Pin To Net: NetName=HO1 Pin=R3C-2
Added Pin To Net: NetName=VS3 Pin=R4A-1
Added Pin To Net: NetName=HO3 Pin=R4A-2
Added Pin To Net: NetName=VS2 Pin=R4B-1
Added Pin To Net: NetName=HO2 Pin=R4B-2
Added Pin To Net: NetName=VS1 Pin=R4C-1
Added Pin To Net: NetName=HO1 Pin=R4C-2
Added Pin To Net: NetName=LO3 Pin=R5A-2
Added Pin To Net: NetName=LO2 Pin=R5B-2
Added Pin To Net: NetName=LO1 Pin=R5C-2
Added Pin To Net: NetName=GND Pin=R6A-1
Added Pin To Net: NetName=LO3 Pin=R6A-2
Added Pin To Net: NetName=GND Pin=R6B-1
Added Pin To Net: NetName=LO2 Pin=R6B-2
Added Pin To Net: NetName=GND Pin=R6C-1
Added Pin To Net: NetName=LO1 Pin=R6C-2
Added Pin To Net: NetName=+12 Pin=U1A-1
Added Pin To Net: NetName=GND Pin=U1A-4
Added Pin To Net: NetName=VS3 Pin=U1A-6
Added Pin To Net: NetName=+12 Pin=U1B-1
Added Pin To Net: NetName=GND Pin=U1B-4
Added Pin To Net: NetName=VS2 Pin=U1B-6
Added Pin To Net: NetName=+12 Pin=U1C-1
Added Pin To Net: NetName=GND Pin=U1C-4
Added Pin To Net: NetName=VS1 Pin=U1C-6
Added Pin To Net: NetName=+48 Pin=C1-2
Added Pin To Net: NetName=+48 Pin=C2-1
Added Pin To Net: NetName=+48 Pin=Q1-2
Added Pin To Net: NetName=+48 Pin=Q3-2
Added Pin To Net: NetName=+48 Pin=Q5-2
Added Pin To Net: NetName=+48 Pin=R-2
Added Net: Name=+48
Added Pin To Net: NetName=H1A Pin=R1A-2
Added Pin To Net: NetName=H1A Pin=U1A-2
Added Net: Name=H1A
Added Pin To Net: NetName=H1B Pin=R1B-2
Added Pin To Net: NetName=H1B Pin=U1B-2
Added Net: Name=H1B
Added Pin To Net: NetName=H1C Pin=R1C-2
Added Pin To Net: NetName=H1C Pin=U1C-2
Added Net: Name=H1C
Added Pin To Net: NetName=L1A Pin=R2A-2
Added Pin To Net: NetName=L1A Pin=U1A-3
Added Net: Name=L1A
Added Pin To Net: NetName=L1B Pin=R2B-2
Added Pin To Net: NetName=L1B Pin=U1B-3
Added Net: Name=L1B
Added Pin To Net: NetName=L1C Pin=R2C-2
Added Pin To Net: NetName=L1C Pin=U1C-3
Added Net: Name=L1C
Added Pin To Net: NetName=NetC3A_1 Pin=C3A-1
Added Pin To Net: NetName=NetC3A_1 Pin=D1A-2
Added Pin To Net: NetName=NetC3A_1 Pin=U1A-8
Added Net: Name=NetC3A_1
Added Pin To Net: NetName=NetC3B_1 Pin=C3B-1
Added Pin To Net: NetName=NetC3B_1 Pin=D1B-2
Added Pin To Net: NetName=NetC3B_1 Pin=U1B-8
Added Net: Name=NetC3B_1
Added Pin To Net: NetName=NetC3C_1 Pin=C3C-1
Added Pin To Net: NetName=NetC3C_1 Pin=D1C-2
Added Pin To Net: NetName=NetC3C_1 Pin=U1C-8
Added Net: Name=NetC3C_1
Added Pin To Net: NetName=NetD2A_2 Pin=D2A-2
Added Pin To Net: NetName=NetD2A_2 Pin=R3A-1
Added Pin To Net: NetName=NetD2A_2 Pin=U1A-7
Added Net: Name=NetD2A_2
Added Pin To Net: NetName=NetD2B_2 Pin=D2B-2
Added Pin To Net: NetName=NetD2B_2 Pin=R3B-1
Added Pin To Net: NetName=NetD2B_2 Pin=U1B-7
Added Net: Name=NetD2B_2
Added Pin To Net: NetName=NetD2C_2 Pin=D2C-2
Added Pin To Net: NetName=NetD2C_2 Pin=R3C-1
Added Pin To Net: NetName=NetD2C_2 Pin=U1C-7
Added Net: Name=NetD2C_2
Added Pin To Net: NetName=NetD3A_2 Pin=D3A-2
Added Pin To Net: NetName=NetD3A_2 Pin=R5A-1
Added Pin To Net: NetName=NetD3A_2 Pin=U1A-5
Added Net: Name=NetD3A_2
Added Pin To Net: NetName=NetD3B_2 Pin=D3B-2
Added Pin To Net: NetName=NetD3B_2 Pin=R5B-1
Added Pin To Net: NetName=NetD3B_2 Pin=U1B-5
Added Net: Name=NetD3B_2
Added Pin To Net: NetName=NetD3C_2 Pin=D3C-2
Added Pin To Net: NetName=NetD3C_2 Pin=R5C-1
Added Pin To Net: NetName=NetD3C_2 Pin=U1C-5
Added Net: Name=NetD3C_2
Added Pin To Net: NetName=NetLED_1 Pin=LED-1
Added Pin To Net: NetName=NetLED_1 Pin=R-1
Added Net: Name=NetLED_1
Added Class: Name=U_Motor
Added Member To Class: ClassName=U_IC_driver1 Member=Component C1A (C1) 104
Added Member To Class: ClassName=U_IC_driver2 Member=Component C1B (C1) 104
Added Member To Class: ClassName=U_IC_driver3 Member=Component C1C (C1) 104
Added Member To Class: ClassName=U_IC_driver1 Member=Component C2A (C2) 10uF
Added Member To Class: ClassName=U_IC_driver2 Member=Component C2B (C2) 10uF
Added Member To Class: ClassName=U_IC_driver3 Member=Component C2C (C2) 10uF
Added Member To Class: ClassName=U_IC_driver1 Member=Component C3A (C3) 10uF
Added Member To Class: ClassName=U_IC_driver2 Member=Component C3B (C3) 10uF
Added Member To Class: ClassName=U_IC_driver3 Member=Component C3C (C3) 10uF
Added Member To Class: ClassName=U_IC_driver1 Member=Component D1A (D1) 1N4148
Added Member To Class: ClassName=U_IC_driver2 Member=Component D1B (D1) 1N4148
Added Member To Class: ClassName=U_IC_driver3 Member=Component D1C (D1) 1N4148
Added Member To Class: ClassName=U_IC_driver1 Member=Component D2A (D2) 1N4148
Added Member To Class: ClassName=U_IC_driver2 Member=Component D2B (D2) 1N4148
Added Member To Class: ClassName=U_IC_driver3 Member=Component D2C (D2) 1N4148
Added Member To Class: ClassName=U_IC_driver1 Member=Component D3A (D3) 1N4148
Added Member To Class: ClassName=U_IC_driver2 Member=Component D3B (D3) 1N4148
Added Member To Class: ClassName=U_IC_driver3 Member=Component D3C (D3) 1N4148
Added Member To Class: ClassName=U_IC_driver1 Member=Component DZ1A (DZ1) DIODE Zener
Added Member To Class: ClassName=U_IC_driver2 Member=Component DZ1B (DZ1) DIODE Zener
Added Member To Class: ClassName=U_IC_driver3 Member=Component DZ1C (DZ1) DIODE Zener
Added Member To Class: ClassName=U_IC_driver1 Member=Component DZ2A (DZ2) DIODE Zener
Added Member To Class: ClassName=U_IC_driver2 Member=Component DZ2B (DZ2) DIODE Zener
Added Member To Class: ClassName=U_IC_driver3 Member=Component DZ2C (DZ2) DIODE Zener
Added Member To Class: ClassName=U_IC_driver1 Member=Component R1A (R1) 1k
Added Member To Class: ClassName=U_IC_driver2 Member=Component R1B (R1) 1k
Added Member To Class: ClassName=U_IC_driver3 Member=Component R1C (R1) 1k
Added Member To Class: ClassName=U_IC_driver1 Member=Component R2A (R2) 1k
Added Member To Class: ClassName=U_IC_driver2 Member=Component R2B (R2) 1k
Added Member To Class: ClassName=U_IC_driver3 Member=Component R2C (R2) 1k
Added Member To Class: ClassName=U_IC_driver1 Member=Component R3A (R3) 10
Added Member To Class: ClassName=U_IC_driver2 Member=Component R3B (R3) 10
Added Member To Class: ClassName=U_IC_driver3 Member=Component R3C (R3) 10
Added Member To Class: ClassName=U_IC_driver1 Member=Component R4A (R4) 4.7k
Added Member To Class: ClassName=U_IC_driver2 Member=Component R4B (R4) 4.7k
Added Member To Class: ClassName=U_IC_driver3 Member=Component R4C (R4) 4.7k
Added Member To Class: ClassName=U_IC_driver1 Member=Component R5A (R5) 10
Added Member To Class: ClassName=U_IC_driver2 Member=Component R5B (R5) 10
Added Member To Class: ClassName=U_IC_driver3 Member=Component R5C (R5) 10
Added Member To Class: ClassName=U_IC_driver1 Member=Component R6A (R6) 4.7k
Added Member To Class: ClassName=U_IC_driver2 Member=Component R6B (R6) 4.7k
Added Member To Class: ClassName=U_IC_driver3 Member=Component R6C (R6) 4.7k
Added Member To Class: ClassName=U_IC_driver1 Member=Component U1A (U1) IR2101
Added Member To Class: ClassName=U_IC_driver2 Member=Component U1B (U1) IR2101
Added Member To Class: ClassName=U_IC_driver3 Member=Component U1C (U1) IR2101
Added Room: Name=U_IC_driver1
Added Room: Name=U_IC_driver2
Added Room: Name=U_IC_driver3
Added Room: Name=U_Motor
