Removed Pin From Net: NetName=NetDiode1_2 Pin=L-1
Removed Pin From Net: NetName=+12 Pin=L-2
Change Component Footprint: Designator=L Old Footprint=L/0.4 New Footprint=INDPM102100X400N
Change Component Comment : Designator=L Old Comment=33uH New Comment=100uH/3A
Change Component Comment : Designator=Cap6 Old Comment=1000uF New Comment=1000uF/16V
Change Component Comment : Designator=IC2 Old Comment=LM2976 New Comment=LM2576
Change component parameters: Designator = "L"; Footprint = "INDPM102100X400N"; UniqueID = "\AFYBZTMQ"
Change component parameters. Clean all parameters for all variants
Change component parameters (AddParameter): Name = "Arrow Part Number"; Value = "CDRH104RNP-680NC"; VariantName = "[No Variations]"
Change component parameters (AddParameter): Name = "Arrow Price/Stock"; Value = "https://www.arrow.com/en/products/cdrh104rnp-680nc/sumida"; VariantName = "[No Variations]"
Change component parameters (AddParameter): Name = "Datasheet Link"; Value = "http://products.sumida.com/products/pdf/CDRH104,104R.pdf"; VariantName = "[No Variations]"
Change component parameters (AddParameter): Name = "Height"; Value = "4mm"; VariantName = "[No Variations]"
Change component parameters (AddParameter): Name = "Manufacturer_Name"; Value = "Sumida"; VariantName = "[No Variations]"
Change component parameters (AddParameter): Name = "Manufacturer_Part_Number"; Value = "CDRH104RNP-680NC"; VariantName = "[No Variations]"
Change component parameters (AddParameter): Name = "Mouser Part Number"; Value = "851-CDRH104RNP-680NC"; VariantName = "[No Variations]"
Change component parameters (AddParameter): Name = "Mouser Price/Stock"; Value = "https://www.mouser.co.uk/ProductDetail/Sumida/CDRH104RNP-680NC/?qs=b6HGhii3QUSW0bjw2331%2Fg%3D%3D"; VariantName = "[No Variations]"
Added Pin To Net: NetName=+12 Pin=L-1
Added Pin To Net: NetName=NetDiode1_2 Pin=L-2
Added Room: Name=Main
Added Room: Name=U_IC_driver1
Added Room: Name=U_IC_driver2
Added Room: Name=U_IC_driver3
Added Room: Name=U_MCU
Added Room: Name=U_Motor
