Removed Pin From Net: NetName=GND Pin=CS amplifier-1
Removed Pin From Net: NetName=GND Pin=CS amplifier-2
Removed Pin From Net: NetName=+3v3 Pin=CS amplifier-3
Removed Pin From Net: NetName=+ Pin=CS amplifier-4
Removed Pin From Net: NetName=- Pin=CS amplifier-5
Removed Pin From Net: NetName=Current Pin=CS amplifier-6
Removed Pin From Net: NetName=+ Pin=Shunt resistor-1
Removed Pin From Net: NetName=- Pin=Shunt resistor-2
Removed Member From Class: ClassName=U_Motor Member=CS amplifier
Removed Member From Class: ClassName=U_Motor Member=Shunt resistor
Added Component: Designator=C1_3(CAP FILM 0603_1608)
Add component. Clean all parameters for all variants
Add component (AddParameter): Name = "Designed by"; Value = "VanDungEvn"; VariantName = "[No Variations]"
Add component (AddParameter): Name = "Value"; Value = "0,1uF/300V"; VariantName = "[No Variations]"
Added Component: Designator=R1(RES 0603_1608)
Add component. Clean all parameters for all variants
Add component (AddParameter): Name = "Value"; Value = "R1/4W - 1K"; VariantName = "[No Variations]"
Added Component: Designator=Rshunt(RESM11569X253N)
Add component. Clean all parameters for all variants
Add component (AddParameter): Name = "Availability"; Value = "Unavailable"; VariantName = "[No Variations]"
Add component (AddParameter): Name = "MF"; Value = ""; VariantName = "[No Variations]"
Add component (AddParameter): Name = "MP"; Value = "WSR31L000FEA"; VariantName = "[No Variations]"
Add component (AddParameter): Name = "Package"; Value = "None"; VariantName = "[No Variations]"
Add component (AddParameter): Name = "Price"; Value = "None"; VariantName = "[No Variations]"
Add component (AddParameter): Name = "Value"; Value = ""; VariantName = "[No Variations]"
Added Component: Designator=U(MICROCHIP SOT-23-5 OT)
Add component. Clean all parameters for all variants
Add component (AddParameter): Name = "Availability"; Value = "Unavailable"; VariantName = "[No Variations]"
Add component (AddParameter): Name = "MF"; Value = "Texas Instruments"; VariantName = "[No Variations]"
Add component (AddParameter): Name = "MP"; Value = "INA139"; VariantName = "[No Variations]"
Add component (AddParameter): Name = "Package"; Value = "SOT-23-5 Texas Instruments"; VariantName = "[No Variations]"
Add component (AddParameter): Name = "Price"; Value = "None"; VariantName = "[No Variations]"
Add component (AddParameter): Name = "SnapEDA_Link"; Value = "https://www.snapeda.com/parts/INA139/Texas%20Instruments/view-part/560986/?ref=snap"; VariantName = "[No Variations]"
Add component (AddParameter): Name = "Value"; Value = ""; VariantName = "[No Variations]"
Added Pin To Net: NetName=+5 Pin=C1_3-1
Added Pin To Net: NetName=GND Pin=R1-1
Added Pin To Net: NetName=Current Pin=R1-2
Added Pin To Net: NetName=+ Pin=Rshunt-2
Added Pin To Net: NetName=Current Pin=U-1
Added Pin To Net: NetName=GND Pin=U-2
Added Pin To Net: NetName=+ Pin=U-3
Added Pin To Net: NetName=- Pin=U-4
Added Pin To Net: NetName=+5 Pin=U-5
Added Member To Class: ClassName=U_Motor Member=Component C1_3 104
Added Member To Class: ClassName=U_Motor Member=Component R1 100k
Added Member To Class: ClassName=U_Motor Member=Component Rshunt 1mOhms/3W
Added Member To Class: ClassName=U_Motor Member=Component U INA139
Added Room: Name=Main
Added Room: Name=U_IC_driver1
Added Room: Name=U_IC_driver2
Added Room: Name=U_IC_driver3
Added Room: Name=U_MCU
Added Room: Name=U_Motor
