Change Component Footprint: Designator=D2A Old Footprint=DIO-SMD-106 New Footprint=DIO-SMD-123
Change Component Footprint: Designator=D2B Old Footprint=DIO-SMD-106 New Footprint=DIO-SMD-123
Change Component Footprint: Designator=D2C Old Footprint=DIO-SMD-106 New Footprint=DIO-SMD-123
Change Component Footprint: Designator=D3A Old Footprint=DIO-SMD-106 New Footprint=DIO-SMD-123
Change Component Footprint: Designator=D3B Old Footprint=DIO-SMD-106 New Footprint=DIO-SMD-123
Change Component Footprint: Designator=D3C Old Footprint=DIO-SMD-106 New Footprint=DIO-SMD-123
Change Component Footprint: Designator=C13 Old Footprint=SM-Cap-1206 New Footprint=SM-CAP-0805
Change Component Footprint: Designator=C16 Old Footprint=SM-Cap-1206 New Footprint=SM-CAP-0805
Change Component Footprint: Designator=C17 Old Footprint=SM-Cap-1206 New Footprint=SM-CAP-0805
Change Component Footprint: Designator=C18 Old Footprint=SM-Cap-1206 New Footprint=SM-CAP-0805
Change Component Footprint: Designator=C19 Old Footprint=SM-Cap-1206 New Footprint=SM-CAP-0805
Change Component Footprint: Designator=C20 Old Footprint=SM-Cap-1206 New Footprint=SM-CAP-0805
Change Component Footprint: Designator=C25 Old Footprint=SM-Cap-1206 New Footprint=SM-CAP-0805
Change Component Footprint: Designator=R3A Old Footprint=SM-RES-1206 New Footprint=RES 0603_1608
Change Component Footprint: Designator=R3B Old Footprint=SM-RES-1206 New Footprint=RES 0603_1608
Change Component Footprint: Designator=R3C Old Footprint=SM-RES-1206 New Footprint=RES 0603_1608
Change Component Footprint: Designator=R4A Old Footprint=SM-RES-1206 New Footprint=RES 0603_1608
Change Component Footprint: Designator=R4B Old Footprint=SM-RES-1206 New Footprint=RES 0603_1608
Change Component Footprint: Designator=R4C Old Footprint=SM-RES-1206 New Footprint=RES 0603_1608
Change Component Footprint: Designator=R5A Old Footprint=SM-RES-1206 New Footprint=RES 0603_1608
Change Component Footprint: Designator=R5B Old Footprint=SM-RES-1206 New Footprint=RES 0603_1608
Change Component Footprint: Designator=R5C Old Footprint=SM-RES-1206 New Footprint=RES 0603_1608
Change Component Footprint: Designator=R6A Old Footprint=SM-RES-1206 New Footprint=RES 0603_1608
Change Component Footprint: Designator=R6B Old Footprint=SM-RES-1206 New Footprint=RES 0603_1608
Change Component Footprint: Designator=R6C Old Footprint=SM-RES-1206 New Footprint=RES 0603_1608
Change Component Footprint: Designator=R11 Old Footprint=SM-RES-1206 New Footprint=RES 0603_1608
Change Component Footprint: Designator=R13 Old Footprint=SM-RES-1206 New Footprint=RES 0603_1608
Change Component Footprint: Designator=R14 Old Footprint=SM-RES-1206 New Footprint=RES 0603_1608
Change Component Footprint: Designator=R15 Old Footprint=SM-RES-1206 New Footprint=RES 0603_1608
Change Component Footprint: Designator=R16 Old Footprint=SM-RES-1206 New Footprint=RES 0603_1608
Change Component Footprint: Designator=R17 Old Footprint=SM-RES-1206 New Footprint=RES 0603_1608
Change Component Footprint: Designator=R18 Old Footprint=SM-RES-1206 New Footprint=RES 0603_1608
Change Component Footprint: Designator=R19 Old Footprint=SM-RES-1206 New Footprint=RES 0603_1608
Added Room: Name=Main
Added Room: Name=U_IC_driver1
Added Room: Name=U_IC_driver2
Added Room: Name=U_IC_driver3
Added Room: Name=U_MCU
Added Room: Name=U_Motor
