Change Component Footprint: Designator=Q1 Old Footprint=QTO-220H3 New Footprint=DPAK508P1524X483-3N
Change Component Footprint: Designator=Q2 Old Footprint=QTO-220H3 New Footprint=DPAK508P1524X483-3N
Change Component Footprint: Designator=Q3 Old Footprint=QTO-220H3 New Footprint=DPAK508P1524X483-3N
Change Component Footprint: Designator=Q4 Old Footprint=QTO-220H3 New Footprint=DPAK508P1524X483-3N
Change Component Footprint: Designator=Q5 Old Footprint=QTO-220H3 New Footprint=DPAK508P1524X483-3N
Change Component Footprint: Designator=Q6 Old Footprint=QTO-220H3 New Footprint=DPAK508P1524X483-3N
Added Pin To Net: NetName=GND Pin=AMS1117-1
Added Pin To Net: NetName=+3v3 Pin=AMS1117-2
Added Pin To Net: NetName=+5 Pin=AMS1117-3
Added Pin To Net: NetName=GND Pin=C1A-1
Added Pin To Net: NetName=+12 Pin=C1A-2
Added Pin To Net: NetName=GND Pin=C1B-1
Added Pin To Net: NetName=+12 Pin=C1B-2
Added Pin To Net: NetName=GND Pin=C1C-1
Added Pin To Net: NetName=+12 Pin=C1C-2
Added Pin To Net: NetName=GND Pin=C2A-1
Added Pin To Net: NetName=+12 Pin=C2A-2
Added Pin To Net: NetName=GND Pin=C2B-1
Added Pin To Net: NetName=+12 Pin=C2B-2
Added Pin To Net: NetName=GND Pin=C2C-1
Added Pin To Net: NetName=+12 Pin=C2C-2
Added Pin To Net: NetName=NetC3A_1 Pin=C3A-1
Added Pin To Net: NetName=P3 Pin=C3A-2
Added Pin To Net: NetName=NetC3B_1 Pin=C3B-1
Added Pin To Net: NetName=P2 Pin=C3B-2
Added Pin To Net: NetName=NetC3C_1 Pin=C3C-1
Added Pin To Net: NetName=P1 Pin=C3C-2
Added Pin To Net: NetName=GND Pin=C11-1
Added Pin To Net: NetName=OSC_in Pin=C11-2
Added Pin To Net: NetName=GND Pin=C12-1
Added Pin To Net: NetName=OSC_out Pin=C12-2
Added Pin To Net: NetName=RESET Pin=C13-1
Added Pin To Net: NetName=GND Pin=C13-2
Added Pin To Net: NetName=+3v3 Pin=C16-1
Added Pin To Net: NetName=GND Pin=C16-2
Added Pin To Net: NetName=+3v3 Pin=C17-1
Added Pin To Net: NetName=GND Pin=C17-2
Added Pin To Net: NetName=+3v3 Pin=C18-1
Added Pin To Net: NetName=GND Pin=C18-2
Added Pin To Net: NetName=+3v3 Pin=C19-1
Added Pin To Net: NetName=GND Pin=C19-2
Added Pin To Net: NetName=+3v3 Pin=C20-1
Added Pin To Net: NetName=GND Pin=C20-2
Added Pin To Net: NetName=+5 Pin=C21-1
Added Pin To Net: NetName=GND Pin=C21-2
Added Pin To Net: NetName=+5 Pin=C22-1
Added Pin To Net: NetName=GND Pin=C22-2
Added Pin To Net: NetName=+3v3 Pin=C23-1
Added Pin To Net: NetName=GND Pin=C23-2
Added Pin To Net: NetName=+3v3 Pin=C24-1
Added Pin To Net: NetName=GND Pin=C24-2
Added Pin To Net: NetName=+5 Pin=C25-1
Added Pin To Net: NetName=GND Pin=C25-2
Added Pin To Net: NetName=+5 Pin=C_1-1
Added Pin To Net: NetName=+60 Pin=C_2-1
Added Pin To Net: NetName=GND Pin=C_2-2
Added Pin To Net: NetName=CAN_N Pin=CAN-1
Added Pin To Net: NetName=CAN_P Pin=CAN-2
Added Pin To Net: NetName=+12 Pin=Cap1-1
Added Pin To Net: NetName=GND Pin=Cap1-2
Added Pin To Net: NetName=GND Pin=Cap2-1
Added Pin To Net: NetName=+12 Pin=Cap2-2
Added Pin To Net: NetName=GND Pin=Cap3-1
Added Pin To Net: NetName=+5 Pin=Cap3-2
Added Pin To Net: NetName=+5 Pin=Cap4-1
Added Pin To Net: NetName=GND Pin=Cap4-2
Added Pin To Net: NetName=+60 Pin=Cap5-1
Added Pin To Net: NetName=GND Pin=Cap5-2
Added Pin To Net: NetName=+12 Pin=Cap6-1
Added Pin To Net: NetName=GND Pin=Cap6-2
Added Pin To Net: NetName=Current Pin=current IC-1
Added Pin To Net: NetName=GND Pin=current IC-2
Added Pin To Net: NetName=+60 Pin=current IC-3
Added Pin To Net: NetName=- Pin=current IC-4
Added Pin To Net: NetName=+5 Pin=current IC-5
Added Pin To Net: NetName=+12 Pin=D1A-1
Added Pin To Net: NetName=NetC3A_1 Pin=D1A-2
Added Pin To Net: NetName=+12 Pin=D1B-1
Added Pin To Net: NetName=NetC3B_1 Pin=D1B-2
Added Pin To Net: NetName=+12 Pin=D1C-1
Added Pin To Net: NetName=NetC3C_1 Pin=D1C-2
Added Pin To Net: NetName=HO_3 Pin=D2A-1
Added Pin To Net: NetName=HOA Pin=D2A-2
Added Pin To Net: NetName=HO_2 Pin=D2B-1
Added Pin To Net: NetName=HOB Pin=D2B-2
Added Pin To Net: NetName=HO_1 Pin=D2C-1
Added Pin To Net: NetName=HOC Pin=D2C-2
Added Pin To Net: NetName=LO_3 Pin=D3A-1
Added Pin To Net: NetName=LOA Pin=D3A-2
Added Pin To Net: NetName=LO_2 Pin=D3B-1
Added Pin To Net: NetName=LOB Pin=D3B-2
Added Pin To Net: NetName=LO_1 Pin=D3C-1
Added Pin To Net: NetName=LOC Pin=D3C-2
Added Pin To Net: NetName=GND Pin=Diode1-1
Added Pin To Net: NetName=NetDiode1_2 Pin=Diode1-2
Added Pin To Net: NetName=P3 Pin=DZ1A-1
Added Pin To Net: NetName=HO_3 Pin=DZ1A-2
Added Pin To Net: NetName=P2 Pin=DZ1B-1
Added Pin To Net: NetName=HO_2 Pin=DZ1B-2
Added Pin To Net: NetName=P1 Pin=DZ1C-1
Added Pin To Net: NetName=HO_1 Pin=DZ1C-2
Added Pin To Net: NetName=GND Pin=DZ2A-1
Added Pin To Net: NetName=LO_3 Pin=DZ2A-2
Added Pin To Net: NetName=GND Pin=DZ2B-1
Added Pin To Net: NetName=LO_2 Pin=DZ2B-2
Added Pin To Net: NetName=GND Pin=DZ2C-1
Added Pin To Net: NetName=LO_1 Pin=DZ2C-2
Added Pin To Net: NetName=GND Pin=Encoder-1
Added Pin To Net: NetName=Encoder_A Pin=Encoder-2
Added Pin To Net: NetName=Encoder_Z Pin=Encoder-3
Added Pin To Net: NetName=GND Pin=Hall-1
Added Pin To Net: NetName=Hall_1 Pin=Hall-2
Added Pin To Net: NetName=Hall_2 Pin=Hall-3
Added Pin To Net: NetName=Hall_3 Pin=Hall-4
Added Pin To Net: NetName=+12 Pin=IC1-1
Added Pin To Net: NetName=+5 Pin=IC1-3
Added Pin To Net: NetName=GND Pin=IC1-4
Added Pin To Net: NetName=+60 Pin=IC2-1
Added Pin To Net: NetName=NetDiode1_2 Pin=IC2-2
Added Pin To Net: NetName=GND Pin=IC2-3
Added Pin To Net: NetName=+12 Pin=IC2-4
Added Pin To Net: NetName=GND Pin=IC2-5
Added Pin To Net: NetName=+12 Pin=L-1
Added Pin To Net: NetName=NetDiode1_2 Pin=L-2
Added Pin To Net: NetName=NetLED1_1 Pin=LED1-1
Added Pin To Net: NetName=GND Pin=LED1-2
Added Pin To Net: NetName=NetLED2_1 Pin=LED2-1
Added Pin To Net: NetName=PC13 Pin=LED2-2
Added Pin To Net: NetName=P1 Pin=MOTOR-1
Added Pin To Net: NetName=P2 Pin=MOTOR-2
Added Pin To Net: NetName=P3 Pin=MOTOR-3
Added Pin To Net: NetName=HO_1 Pin=Q1-1
Added Pin To Net: NetName=- Pin=Q1-2
Added Pin To Net: NetName=P1 Pin=Q1-3
Added Pin To Net: NetName=LO_1 Pin=Q2-1
Added Pin To Net: NetName=P1 Pin=Q2-2
Added Pin To Net: NetName=GND Pin=Q2-3
Added Pin To Net: NetName=HO_2 Pin=Q3-1
Added Pin To Net: NetName=- Pin=Q3-2
Added Pin To Net: NetName=P2 Pin=Q3-3
Added Pin To Net: NetName=LO_2 Pin=Q4-1
Added Pin To Net: NetName=P2 Pin=Q4-2
Added Pin To Net: NetName=GND Pin=Q4-3
Added Pin To Net: NetName=HO_3 Pin=Q5-1
Added Pin To Net: NetName=- Pin=Q5-2
Added Pin To Net: NetName=P3 Pin=Q5-3
Added Pin To Net: NetName=LO_3 Pin=Q6-1
Added Pin To Net: NetName=P3 Pin=Q6-2
Added Pin To Net: NetName=GND Pin=Q6-3
Added Pin To Net: NetName=GND Pin=R1-1
Added Pin To Net: NetName=Current Pin=R1-2
Added Pin To Net: NetName=HOA Pin=R3A-1
Added Pin To Net: NetName=HO_3 Pin=R3A-2
Added Pin To Net: NetName=HOB Pin=R3B-1
Added Pin To Net: NetName=HO_2 Pin=R3B-2
Added Pin To Net: NetName=HOC Pin=R3C-1
Added Pin To Net: NetName=HO_1 Pin=R3C-2
Added Pin To Net: NetName=P3 Pin=R4A-1
Added Pin To Net: NetName=HO_3 Pin=R4A-2
Added Pin To Net: NetName=P2 Pin=R4B-1
Added Pin To Net: NetName=HO_2 Pin=R4B-2
Added Pin To Net: NetName=P1 Pin=R4C-1
Added Pin To Net: NetName=HO_1 Pin=R4C-2
Added Pin To Net: NetName=LOA Pin=R5A-1
Added Pin To Net: NetName=LO_3 Pin=R5A-2
Added Pin To Net: NetName=LOB Pin=R5B-1
Added Pin To Net: NetName=LO_2 Pin=R5B-2
Added Pin To Net: NetName=LOC Pin=R5C-1
Added Pin To Net: NetName=LO_1 Pin=R5C-2
Added Pin To Net: NetName=GND Pin=R6A-1
Added Pin To Net: NetName=LO_3 Pin=R6A-2
Added Pin To Net: NetName=GND Pin=R6B-1
Added Pin To Net: NetName=LO_2 Pin=R6B-2
Added Pin To Net: NetName=GND Pin=R6C-1
Added Pin To Net: NetName=LO_1 Pin=R6C-2
Added Pin To Net: NetName=RESET Pin=R11-1
Added Pin To Net: NetName=+3v3 Pin=R11-2
Added Pin To Net: NetName=NetR12_1 Pin=R12-1
Added Pin To Net: NetName=GND Pin=R12-2
Added Pin To Net: NetName=OSC_out Pin=R13-1
Added Pin To Net: NetName=OSC_in Pin=R13-2
Added Pin To Net: NetName=NetLED1_1 Pin=R14-1
Added Pin To Net: NetName=+3v3 Pin=R14-2
Added Pin To Net: NetName=NetLED2_1 Pin=R15-1
Added Pin To Net: NetName=+3v3 Pin=R15-2
Added Pin To Net: NetName=SWDIO Pin=R16-1
Added Pin To Net: NetName=GND Pin=R16-2
Added Pin To Net: NetName=SWCLK Pin=R17-1
Added Pin To Net: NetName=+3v3 Pin=R17-2
Added Pin To Net: NetName=GND Pin=R18-1
Added Pin To Net: NetName=NetR18_2 Pin=R18-2
Added Pin To Net: NetName=CAN_P Pin=R19-1
Added Pin To Net: NetName=CAN_N Pin=R19-2
Added Pin To Net: NetName=- Pin=Rshunt-1
Added Pin To Net: NetName=+60 Pin=Rshunt-2
Added Pin To Net: NetName=+60 Pin=Source-1
Added Pin To Net: NetName=GND Pin=Source-2
Added Pin To Net: NetName=+3v3 Pin=STLink-1
Added Pin To Net: NetName=SWDIO Pin=STLink-2
Added Pin To Net: NetName=SWCLK Pin=STLink-3
Added Pin To Net: NetName=GND Pin=STLink-4
Added Pin To Net: NetName=GND Pin=SW-1
Added Pin To Net: NetName=RESET Pin=SW-2
Added Pin To Net: NetName=Temerature Pin=Temp-1
Added Pin To Net: NetName=GND Pin=Temp-2
Added Pin To Net: NetName=CAN_TX Pin=Transceiver-1
Added Pin To Net: NetName=GND Pin=Transceiver-2
Added Pin To Net: NetName=+5 Pin=Transceiver-3
Added Pin To Net: NetName=CAN_RX Pin=Transceiver-4
Added Pin To Net: NetName=CAN_N Pin=Transceiver-6
Added Pin To Net: NetName=CAN_P Pin=Transceiver-7
Added Pin To Net: NetName=NetR18_2 Pin=Transceiver-8
Added Pin To Net: NetName=+12 Pin=U1A-1
Added Pin To Net: NetName=H_3 Pin=U1A-2
Added Pin To Net: NetName=L_3 Pin=U1A-3
Added Pin To Net: NetName=GND Pin=U1A-4
Added Pin To Net: NetName=LOA Pin=U1A-5
Added Pin To Net: NetName=P3 Pin=U1A-6
Added Pin To Net: NetName=HOA Pin=U1A-7
Added Pin To Net: NetName=NetC3A_1 Pin=U1A-8
Added Pin To Net: NetName=+12 Pin=U1B-1
Added Pin To Net: NetName=H_2 Pin=U1B-2
Added Pin To Net: NetName=L_2 Pin=U1B-3
Added Pin To Net: NetName=GND Pin=U1B-4
Added Pin To Net: NetName=LOB Pin=U1B-5
Added Pin To Net: NetName=P2 Pin=U1B-6
Added Pin To Net: NetName=HOB Pin=U1B-7
Added Pin To Net: NetName=NetC3B_1 Pin=U1B-8
Added Pin To Net: NetName=+12 Pin=U1C-1
Added Pin To Net: NetName=H_1 Pin=U1C-2
Added Pin To Net: NetName=L_1 Pin=U1C-3
Added Pin To Net: NetName=GND Pin=U1C-4
Added Pin To Net: NetName=LOC Pin=U1C-5
Added Pin To Net: NetName=P1 Pin=U1C-6
Added Pin To Net: NetName=HOC Pin=U1C-7
Added Pin To Net: NetName=NetC3C_1 Pin=U1C-8
Added Pin To Net: NetName=PC13 Pin=U-2
Added Pin To Net: NetName=OSC_in Pin=U-5
Added Pin To Net: NetName=OSC_out Pin=U-6
Added Pin To Net: NetName=RESET Pin=U-7
Added Pin To Net: NetName=GND Pin=U-8
Added Pin To Net: NetName=+3v3 Pin=U-9
Added Pin To Net: NetName=H_1 Pin=U-10
Added Pin To Net: NetName=L_1 Pin=U-11
Added Pin To Net: NetName=H_2 Pin=U-12
Added Pin To Net: NetName=L_2 Pin=U-13
Added Pin To Net: NetName=H_3 Pin=U-16
Added Pin To Net: NetName=L_3 Pin=U-17
Added Pin To Net: NetName=Current Pin=U-18
Added Pin To Net: NetName=Temerature Pin=U-19
Added Pin To Net: NetName=GND Pin=U-23
Added Pin To Net: NetName=+3v3 Pin=U-24
Added Pin To Net: NetName=Hall_1 Pin=U-25
Added Pin To Net: NetName=Hall_2 Pin=U-26
Added Pin To Net: NetName=Hall_3 Pin=U-27
Added Pin To Net: NetName=CAN_RX Pin=U-32
Added Pin To Net: NetName=CAN_TX Pin=U-33
Added Pin To Net: NetName=SWDIO Pin=U-34
Added Pin To Net: NetName=GND Pin=U-35
Added Pin To Net: NetName=+3v3 Pin=U-36
Added Pin To Net: NetName=SWCLK Pin=U-37
Added Pin To Net: NetName=Encoder_A Pin=U-42
Added Pin To Net: NetName=Encoder_Z Pin=U-43
Added Pin To Net: NetName=NetR12_1 Pin=U-44
Added Pin To Net: NetName=GND Pin=U-47
Added Pin To Net: NetName=+3v3 Pin=U-48
Added Pin To Net: NetName=OSC_out Pin=X1-1
Added Pin To Net: NetName=OSC_in Pin=X1-2
Added Member To Class: ClassName=U_MCU Member=Component AMS1117 LM1117
Added Member To Class: ClassName=U_IC_driver1 Member=Component C1A (C1) 104
Added Member To Class: ClassName=U_IC_driver2 Member=Component C1B (C1) 104
Added Member To Class: ClassName=U_IC_driver3 Member=Component C1C (C1) 104
Added Member To Class: ClassName=U_IC_driver1 Member=Component C2A (C2) 104
Added Member To Class: ClassName=U_IC_driver2 Member=Component C2B (C2) 104
Added Member To Class: ClassName=U_IC_driver3 Member=Component C2C (C2) 104
Added Member To Class: ClassName=U_IC_driver1 Member=Component C3A (C3) 10uF
Added Member To Class: ClassName=U_IC_driver2 Member=Component C3B (C3) 10uF
Added Member To Class: ClassName=U_IC_driver3 Member=Component C3C (C3) 10uF
Added Member To Class: ClassName=U_MCU Member=Component C11 22pF
Added Member To Class: ClassName=U_MCU Member=Component C12 22pF
Added Member To Class: ClassName=U_MCU Member=Component C13 104
Added Member To Class: ClassName=U_MCU Member=Component C16 104
Added Member To Class: ClassName=U_MCU Member=Component C17 104
Added Member To Class: ClassName=U_MCU Member=Component C18 104
Added Member To Class: ClassName=U_MCU Member=Component C19 104
Added Member To Class: ClassName=U_MCU Member=Component C20 104
Added Member To Class: ClassName=U_MCU Member=Component C21 4.7uF
Added Member To Class: ClassName=U_MCU Member=Component C22 1uF
Added Member To Class: ClassName=U_MCU Member=Component C23 4.7uF
Added Member To Class: ClassName=U_MCU Member=Component C24 1uF
Added Member To Class: ClassName=U_MCU Member=Component C25 104
Added Member To Class: ClassName=U_Motor Member=Component C_1 104
Added Member To Class: ClassName=U_Motor Member=Component C_2 2200uF/100V
Added Member To Class: ClassName=U_MCU Member=Component CAN KF2
Added Member To Class: ClassName=Main Member=Component Cap1 1000uF/16V
Added Member To Class: ClassName=Main Member=Component Cap2 104
Added Member To Class: ClassName=Main Member=Component Cap3 104
Added Member To Class: ClassName=Main Member=Component Cap4 1000uF/16V
Added Member To Class: ClassName=Main Member=Component Cap5 100uF/100V
Added Member To Class: ClassName=Main Member=Component Cap6 1000uF/16V
Added Member To Class: ClassName=U_Motor Member=Component current IC INA139
Added Member To Class: ClassName=U_IC_driver1 Member=Component D1A (D1) 1N4148
Added Member To Class: ClassName=U_IC_driver2 Member=Component D1B (D1) 1N4148
Added Member To Class: ClassName=U_IC_driver3 Member=Component D1C (D1) 1N4148
Added Member To Class: ClassName=U_IC_driver1 Member=Component D2A (D2) 1N4148
Added Member To Class: ClassName=U_IC_driver2 Member=Component D2B (D2) 1N4148
Added Member To Class: ClassName=U_IC_driver3 Member=Component D2C (D2) 1N4148
Added Member To Class: ClassName=U_IC_driver1 Member=Component D3A (D3) 1N4148
Added Member To Class: ClassName=U_IC_driver2 Member=Component D3B (D3) 1N4148
Added Member To Class: ClassName=U_IC_driver3 Member=Component D3C (D3) 1N4148
Added Member To Class: ClassName=Main Member=Component Diode1 1N5822
Added Member To Class: ClassName=U_IC_driver1 Member=Component DZ1A (DZ1) DIODE Zener
Added Member To Class: ClassName=U_IC_driver2 Member=Component DZ1B (DZ1) DIODE Zener
Added Member To Class: ClassName=U_IC_driver3 Member=Component DZ1C (DZ1) DIODE Zener
Added Member To Class: ClassName=U_IC_driver1 Member=Component DZ2A (DZ2) DIODE Zener
Added Member To Class: ClassName=U_IC_driver2 Member=Component DZ2B (DZ2) DIODE Zener
Added Member To Class: ClassName=U_IC_driver3 Member=Component DZ2C (DZ2) DIODE Zener
Added Member To Class: ClassName=U_Motor Member=Component Encoder KF3
Added Member To Class: ClassName=U_Motor Member=Component Hall KF4
Added Member To Class: ClassName=Main Member=Component IC1 L7805CD2T-TR
Added Member To Class: ClassName=Main Member=Component IC2 LM2576
Added Member To Class: ClassName=U_MCU Member=Component LED1 LED SMD
Added Member To Class: ClassName=U_MCU Member=Component LED2 LED SMD
Added Member To Class: ClassName=Main Member=Component L 100uH/3A
Added Member To Class: ClassName=U_Motor Member=Component MOTOR KF3
Added Member To Class: ClassName=U_Motor Member=Component Q1 IRFZ44
Added Member To Class: ClassName=U_Motor Member=Component Q2 IRFZ44
Added Member To Class: ClassName=U_Motor Member=Component Q3 IRFZ44
Added Member To Class: ClassName=U_Motor Member=Component Q4 IRFZ44
Added Member To Class: ClassName=U_Motor Member=Component Q5 IRFZ44
Added Member To Class: ClassName=U_Motor Member=Component Q6 IRFZ44
Added Member To Class: ClassName=U_Motor Member=Component R1 100k
Added Member To Class: ClassName=U_IC_driver1 Member=Component R3A (R3) 10
Added Member To Class: ClassName=U_IC_driver2 Member=Component R3B (R3) 10
Added Member To Class: ClassName=U_IC_driver3 Member=Component R3C (R3) 10
Added Member To Class: ClassName=U_IC_driver1 Member=Component R4A (R4) 4.7k
Added Member To Class: ClassName=U_IC_driver2 Member=Component R4B (R4) 4.7k
Added Member To Class: ClassName=U_IC_driver3 Member=Component R4C (R4) 4.7k
Added Member To Class: ClassName=U_IC_driver1 Member=Component R5A (R5) 10
Added Member To Class: ClassName=U_IC_driver2 Member=Component R5B (R5) 10
Added Member To Class: ClassName=U_IC_driver3 Member=Component R5C (R5) 10
Added Member To Class: ClassName=U_IC_driver1 Member=Component R6A (R6) 4.7k
Added Member To Class: ClassName=U_IC_driver2 Member=Component R6B (R6) 4.7k
Added Member To Class: ClassName=U_IC_driver3 Member=Component R6C (R6) 4.7k
Added Member To Class: ClassName=U_MCU Member=Component R11 10k
Added Member To Class: ClassName=U_MCU Member=Component R12 10k
Added Member To Class: ClassName=U_MCU Member=Component R13 1M
Added Member To Class: ClassName=U_MCU Member=Component R14 10k
Added Member To Class: ClassName=U_MCU Member=Component R15 10k
Added Member To Class: ClassName=U_MCU Member=Component R16 10k
Added Member To Class: ClassName=U_MCU Member=Component R17 10k
Added Member To Class: ClassName=U_MCU Member=Component R18 10k
Added Member To Class: ClassName=U_MCU Member=Component R19 120
Added Member To Class: ClassName=U_Motor Member=Component Rshunt 1mOhms/3W
Added Member To Class: ClassName=Main Member=Component Source KF2
Added Member To Class: ClassName=U_MCU Member=Component STLink JP4
Added Member To Class: ClassName=U_MCU Member=Component SW 
Added Member To Class: ClassName=U_Motor Member=Component Temp KF2
Added Member To Class: ClassName=U_MCU Member=Component Transceiver SN65HVD230QDR
Added Member To Class: ClassName=U_IC_driver1 Member=Component U1A (U1) IR2101
Added Member To Class: ClassName=U_IC_driver2 Member=Component U1B (U1) IR2101
Added Member To Class: ClassName=U_IC_driver3 Member=Component U1C (U1) IR2101
Added Member To Class: ClassName=U_MCU Member=Component U STM32F103C8T6
Added Member To Class: ClassName=U_MCU Member=Component X1 8Mhz
Added Room: Name=Main
Added Room: Name=U_IC_driver1
Added Room: Name=U_IC_driver2
Added Room: Name=U_IC_driver3
Added Room: Name=U_MCU
Added Room: Name=U_Motor
