Removed Pin From Net: NetName=+60 Pin=C_2-1
Removed Pin From Net: NetName=GND Pin=C_2-2
Removed Member From Class: ClassName=U_Motor Member=C_2
Change Component Comment : Designator=L Old Comment=680uH New Comment=100uH/3A
Added Component: Designator=C?(CAPPRD750W80D1800H3550)
Add component. Clean all parameters for all variants
Add component (AddParameter): Name = "Availability"; Value = "In Stock"; VariantName = "[No Variations]"
Add component (AddParameter): Name = "Check_prices"; Value = "https://www.snapeda.com/parts/ECA-2AHG102E/Panasonic/view-part/6221685/?ref=eda"; VariantName = "[No Variations]"
Add component (AddParameter): Name = "MF"; Value = "Panasonic"; VariantName = "[No Variations]"
Add component (AddParameter): Name = "MP"; Value = "ECA-2AHG102E"; VariantName = "[No Variations]"
Add component (AddParameter): Name = "Package"; Value = "RADIAL-2 Panasonic"; VariantName = "[No Variations]"
Add component (AddParameter): Name = "Price"; Value = "None"; VariantName = "[No Variations]"
Add component (AddParameter): Name = "SnapEDA_Link"; Value = "https://www.snapeda.com/parts/ECA-2AHG102E/Panasonic/view-part/6221685/?ref=snap"; VariantName = "[No Variations]"
Add component (AddParameter): Name = "Value"; Value = ""; VariantName = "[No Variations]"
Added Pin To Net: NetName=GND Pin=C?-N
Added Pin To Net: NetName=+60 Pin=C?-P
Added Member To Class: ClassName=U_Motor Member=Component C? 1000uF/100V
Added Room: Name=Main
Added Room: Name=U_IC_driver1
Added Room: Name=U_IC_driver2
Added Room: Name=U_IC_driver3
Added Room: Name=U_MCU
Added Room: Name=U_Motor
