Added Pin To Net: NetName=+3v3 Pin=AMS1117-2
Added Pin To Net: NetName=+3v3 Pin=C16-1
Added Pin To Net: NetName=+3v3 Pin=C17-1
Added Pin To Net: NetName=+3v3 Pin=C18-1
Added Pin To Net: NetName=+3v3 Pin=C19-1
Added Pin To Net: NetName=+3v3 Pin=C20-1
Added Pin To Net: NetName=+3v3 Pin=C23-1
Added Pin To Net: NetName=+3v3 Pin=C24-1
Added Pin To Net: NetName=+3v3 Pin=R11-2
Added Pin To Net: NetName=+3v3 Pin=R14-2
Added Pin To Net: NetName=+3v3 Pin=R15-2
Added Pin To Net: NetName=+3v3 Pin=R17-2
Added Pin To Net: NetName=+3v3 Pin=STLink-1
Added Pin To Net: NetName=+3v3 Pin=U-9
Added Pin To Net: NetName=+3v3 Pin=U-24
Added Pin To Net: NetName=+3v3 Pin=U-36
Added Pin To Net: NetName=+3v3 Pin=U-48
Added Net: Name=+3v3
Added Pin To Net: NetName=+5 Pin=AMS1117-3
Added Pin To Net: NetName=+5 Pin=C21-1
Added Pin To Net: NetName=+5 Pin=C22-1
Added Pin To Net: NetName=+5 Pin=C25-1
Added Pin To Net: NetName=+5 Pin=C_1-1
Added Pin To Net: NetName=+5 Pin=Cap3-2
Added Pin To Net: NetName=+5 Pin=Cap4-1
Added Pin To Net: NetName=+5 Pin=current IC-5
Added Pin To Net: NetName=+5 Pin=IC1-3
Added Pin To Net: NetName=+5 Pin=Transceiver-3
Added Net: Name=+5
Added Pin To Net: NetName=+12 Pin=C1A-2
Added Pin To Net: NetName=+12 Pin=C1B-2
Added Pin To Net: NetName=+12 Pin=C1C-2
Added Pin To Net: NetName=+12 Pin=C2A-2
Added Pin To Net: NetName=+12 Pin=C2B-2
Added Pin To Net: NetName=+12 Pin=C2C-2
Added Pin To Net: NetName=+12 Pin=Cap1-1
Added Pin To Net: NetName=+12 Pin=Cap2-2
Added Pin To Net: NetName=+12 Pin=Cap6-1
Added Pin To Net: NetName=+12 Pin=D1A-1
Added Pin To Net: NetName=+12 Pin=D1B-1
Added Pin To Net: NetName=+12 Pin=D1C-1
Added Pin To Net: NetName=+12 Pin=IC1-1
Added Pin To Net: NetName=+12 Pin=IC2-4
Added Pin To Net: NetName=+12 Pin=L-1
Added Pin To Net: NetName=+12 Pin=U1A-1
Added Pin To Net: NetName=+12 Pin=U1B-1
Added Pin To Net: NetName=+12 Pin=U1C-1
Added Net: Name=+12
Added Pin To Net: NetName=+60 Pin=C_2-1
Added Pin To Net: NetName=+60 Pin=Cap5-1
Added Pin To Net: NetName=+60 Pin=current IC-3
Added Pin To Net: NetName=+60 Pin=IC2-1
Added Pin To Net: NetName=+60 Pin=Rshunt-2
Added Pin To Net: NetName=+60 Pin=Source-1
Added Net: Name=+60
Added Pin To Net: NetName=- Pin=current IC-4
Added Pin To Net: NetName=- Pin=Q1-2
Added Pin To Net: NetName=- Pin=Q1-2
Added Pin To Net: NetName=- Pin=Q3-2
Added Pin To Net: NetName=- Pin=Q3-2
Added Pin To Net: NetName=- Pin=Q5-2
Added Pin To Net: NetName=- Pin=Q5-2
Added Pin To Net: NetName=- Pin=Rshunt-1
Added Net: Name=-
Added Pin To Net: NetName=CAN_N Pin=CAN-1
Added Pin To Net: NetName=CAN_N Pin=R19-2
Added Pin To Net: NetName=CAN_N Pin=Transceiver-6
Added Net: Name=CAN_N
Added Pin To Net: NetName=CAN_P Pin=CAN-2
Added Pin To Net: NetName=CAN_P Pin=R19-1
Added Pin To Net: NetName=CAN_P Pin=Transceiver-7
Added Net: Name=CAN_P
Added Pin To Net: NetName=CAN_RX Pin=Transceiver-4
Added Pin To Net: NetName=CAN_RX Pin=U-32
Added Net: Name=CAN_RX
Added Pin To Net: NetName=CAN_TX Pin=Transceiver-1
Added Pin To Net: NetName=CAN_TX Pin=U-33
Added Net: Name=CAN_TX
Added Pin To Net: NetName=Current Pin=current IC-1
Added Pin To Net: NetName=Current Pin=R1-2
Added Pin To Net: NetName=Current Pin=U-18
Added Net: Name=Current
Added Pin To Net: NetName=Encoder_A Pin=Encoder-2
Added Pin To Net: NetName=Encoder_A Pin=U-42
Added Net: Name=Encoder_A
Added Pin To Net: NetName=Encoder_Z Pin=Encoder-3
Added Pin To Net: NetName=Encoder_Z Pin=U-43
Added Net: Name=Encoder_Z
Added Pin To Net: NetName=GND Pin=AMS1117-1
Added Pin To Net: NetName=GND Pin=C1A-1
Added Pin To Net: NetName=GND Pin=C1B-1
Added Pin To Net: NetName=GND Pin=C1C-1
Added Pin To Net: NetName=GND Pin=C2A-1
Added Pin To Net: NetName=GND Pin=C2B-1
Added Pin To Net: NetName=GND Pin=C2C-1
Added Pin To Net: NetName=GND Pin=C11-1
Added Pin To Net: NetName=GND Pin=C12-1
Added Pin To Net: NetName=GND Pin=C13-2
Added Pin To Net: NetName=GND Pin=C16-2
Added Pin To Net: NetName=GND Pin=C17-2
Added Pin To Net: NetName=GND Pin=C18-2
Added Pin To Net: NetName=GND Pin=C19-2
Added Pin To Net: NetName=GND Pin=C20-2
Added Pin To Net: NetName=GND Pin=C21-2
Added Pin To Net: NetName=GND Pin=C22-2
Added Pin To Net: NetName=GND Pin=C23-2
Added Pin To Net: NetName=GND Pin=C24-2
Added Pin To Net: NetName=GND Pin=C25-2
Added Pin To Net: NetName=GND Pin=C_2-2
Added Pin To Net: NetName=GND Pin=Cap1-2
Added Pin To Net: NetName=GND Pin=Cap2-1
Added Pin To Net: NetName=GND Pin=Cap3-1
Added Pin To Net: NetName=GND Pin=Cap4-2
Added Pin To Net: NetName=GND Pin=Cap5-2
Added Pin To Net: NetName=GND Pin=Cap6-2
Added Pin To Net: NetName=GND Pin=current IC-2
Added Pin To Net: NetName=GND Pin=Diode1-1
Added Pin To Net: NetName=GND Pin=DZ2A-1
Added Pin To Net: NetName=GND Pin=DZ2B-1
Added Pin To Net: NetName=GND Pin=DZ2C-1
Added Pin To Net: NetName=GND Pin=Encoder-1
Added Pin To Net: NetName=GND Pin=Hall-1
Added Pin To Net: NetName=GND Pin=IC1-4
Added Pin To Net: NetName=GND Pin=IC2-3
Added Pin To Net: NetName=GND Pin=IC2-5
Added Pin To Net: NetName=GND Pin=LED1-2
Added Pin To Net: NetName=GND Pin=Q2-3
Added Pin To Net: NetName=GND Pin=Q4-3
Added Pin To Net: NetName=GND Pin=Q6-3
Added Pin To Net: NetName=GND Pin=R1-1
Added Pin To Net: NetName=GND Pin=R6A-1
Added Pin To Net: NetName=GND Pin=R6B-1
Added Pin To Net: NetName=GND Pin=R6C-1
Added Pin To Net: NetName=GND Pin=R12-2
Added Pin To Net: NetName=GND Pin=R16-2
Added Pin To Net: NetName=GND Pin=R18-1
Added Pin To Net: NetName=GND Pin=Source-2
Added Pin To Net: NetName=GND Pin=STLink-4
Added Pin To Net: NetName=GND Pin=SW-1
Added Pin To Net: NetName=GND Pin=Temp-2
Added Pin To Net: NetName=GND Pin=Transceiver-2
Added Pin To Net: NetName=GND Pin=U1A-4
Added Pin To Net: NetName=GND Pin=U1B-4
Added Pin To Net: NetName=GND Pin=U1C-4
Added Pin To Net: NetName=GND Pin=U-8
Added Pin To Net: NetName=GND Pin=U-23
Added Pin To Net: NetName=GND Pin=U-35
Added Pin To Net: NetName=GND Pin=U-47
Added Net: Name=GND
Added Pin To Net: NetName=H_1 Pin=U1C-2
Added Pin To Net: NetName=H_1 Pin=U-10
Added Net: Name=H_1
Added Pin To Net: NetName=H_2 Pin=U1B-2
Added Pin To Net: NetName=H_2 Pin=U-12
Added Net: Name=H_2
Added Pin To Net: NetName=H_3 Pin=U1A-2
Added Pin To Net: NetName=H_3 Pin=U-16
Added Net: Name=H_3
Added Pin To Net: NetName=Hall_1 Pin=Hall-2
Added Pin To Net: NetName=Hall_1 Pin=U-25
Added Net: Name=Hall_1
Added Pin To Net: NetName=Hall_2 Pin=Hall-3
Added Pin To Net: NetName=Hall_2 Pin=U-26
Added Net: Name=Hall_2
Added Pin To Net: NetName=Hall_3 Pin=Hall-4
Added Pin To Net: NetName=Hall_3 Pin=U-27
Added Net: Name=Hall_3
Added Pin To Net: NetName=HO_1 Pin=D2C-1
Added Pin To Net: NetName=HO_1 Pin=DZ1C-2
Added Pin To Net: NetName=HO_1 Pin=Q1-1
Added Pin To Net: NetName=HO_1 Pin=R3C-2
Added Pin To Net: NetName=HO_1 Pin=R4C-2
Added Net: Name=HO_1
Added Pin To Net: NetName=HO_2 Pin=D2B-1
Added Pin To Net: NetName=HO_2 Pin=DZ1B-2
Added Pin To Net: NetName=HO_2 Pin=Q3-1
Added Pin To Net: NetName=HO_2 Pin=R3B-2
Added Pin To Net: NetName=HO_2 Pin=R4B-2
Added Net: Name=HO_2
Added Pin To Net: NetName=HO_3 Pin=D2A-1
Added Pin To Net: NetName=HO_3 Pin=DZ1A-2
Added Pin To Net: NetName=HO_3 Pin=Q5-1
Added Pin To Net: NetName=HO_3 Pin=R3A-2
Added Pin To Net: NetName=HO_3 Pin=R4A-2
Added Net: Name=HO_3
Added Pin To Net: NetName=HOA Pin=D2A-2
Added Pin To Net: NetName=HOA Pin=R3A-1
Added Pin To Net: NetName=HOA Pin=U1A-7
Added Net: Name=HOA
Added Pin To Net: NetName=HOB Pin=D2B-2
Added Pin To Net: NetName=HOB Pin=R3B-1
Added Pin To Net: NetName=HOB Pin=U1B-7
Added Net: Name=HOB
Added Pin To Net: NetName=HOC Pin=D2C-2
Added Pin To Net: NetName=HOC Pin=R3C-1
Added Pin To Net: NetName=HOC Pin=U1C-7
Added Net: Name=HOC
Added Pin To Net: NetName=L_1 Pin=U1C-3
Added Pin To Net: NetName=L_1 Pin=U-11
Added Net: Name=L_1
Added Pin To Net: NetName=L_2 Pin=U1B-3
Added Pin To Net: NetName=L_2 Pin=U-13
Added Net: Name=L_2
Added Pin To Net: NetName=L_3 Pin=U1A-3
Added Pin To Net: NetName=L_3 Pin=U-17
Added Net: Name=L_3
Added Pin To Net: NetName=LO_1 Pin=D3C-1
Added Pin To Net: NetName=LO_1 Pin=DZ2C-2
Added Pin To Net: NetName=LO_1 Pin=Q2-1
Added Pin To Net: NetName=LO_1 Pin=R5C-2
Added Pin To Net: NetName=LO_1 Pin=R6C-2
Added Net: Name=LO_1
Added Pin To Net: NetName=LO_2 Pin=D3B-1
Added Pin To Net: NetName=LO_2 Pin=DZ2B-2
Added Pin To Net: NetName=LO_2 Pin=Q4-1
Added Pin To Net: NetName=LO_2 Pin=R5B-2
Added Pin To Net: NetName=LO_2 Pin=R6B-2
Added Net: Name=LO_2
Added Pin To Net: NetName=LO_3 Pin=D3A-1
Added Pin To Net: NetName=LO_3 Pin=DZ2A-2
Added Pin To Net: NetName=LO_3 Pin=Q6-1
Added Pin To Net: NetName=LO_3 Pin=R5A-2
Added Pin To Net: NetName=LO_3 Pin=R6A-2
Added Net: Name=LO_3
Added Pin To Net: NetName=LOA Pin=D3A-2
Added Pin To Net: NetName=LOA Pin=R5A-1
Added Pin To Net: NetName=LOA Pin=U1A-5
Added Net: Name=LOA
Added Pin To Net: NetName=LOB Pin=D3B-2
Added Pin To Net: NetName=LOB Pin=R5B-1
Added Pin To Net: NetName=LOB Pin=U1B-5
Added Net: Name=LOB
Added Pin To Net: NetName=LOC Pin=D3C-2
Added Pin To Net: NetName=LOC Pin=R5C-1
Added Pin To Net: NetName=LOC Pin=U1C-5
Added Net: Name=LOC
Added Pin To Net: NetName=NetC3A_1 Pin=C3A-1
Added Pin To Net: NetName=NetC3A_1 Pin=D1A-2
Added Pin To Net: NetName=NetC3A_1 Pin=U1A-8
Added Net: Name=NetC3A_1
Added Pin To Net: NetName=NetC3B_1 Pin=C3B-1
Added Pin To Net: NetName=NetC3B_1 Pin=D1B-2
Added Pin To Net: NetName=NetC3B_1 Pin=U1B-8
Added Net: Name=NetC3B_1
Added Pin To Net: NetName=NetC3C_1 Pin=C3C-1
Added Pin To Net: NetName=NetC3C_1 Pin=D1C-2
Added Pin To Net: NetName=NetC3C_1 Pin=U1C-8
Added Net: Name=NetC3C_1
Added Pin To Net: NetName=NetDiode1_2 Pin=Diode1-2
Added Pin To Net: NetName=NetDiode1_2 Pin=IC2-2
Added Pin To Net: NetName=NetDiode1_2 Pin=L-2
Added Net: Name=NetDiode1_2
Added Pin To Net: NetName=NetLED1_1 Pin=LED1-1
Added Pin To Net: NetName=NetLED1_1 Pin=R14-1
Added Net: Name=NetLED1_1
Added Pin To Net: NetName=NetLED2_1 Pin=LED2-1
Added Pin To Net: NetName=NetLED2_1 Pin=R15-1
Added Net: Name=NetLED2_1
Added Pin To Net: NetName=NetR12_1 Pin=R12-1
Added Pin To Net: NetName=NetR12_1 Pin=U-44
Added Net: Name=NetR12_1
Added Pin To Net: NetName=NetR18_2 Pin=R18-2
Added Pin To Net: NetName=NetR18_2 Pin=Transceiver-8
Added Net: Name=NetR18_2
Added Pin To Net: NetName=OSC_in Pin=C11-2
Added Pin To Net: NetName=OSC_in Pin=R13-2
Added Pin To Net: NetName=OSC_in Pin=U-5
Added Pin To Net: NetName=OSC_in Pin=X1-2
Added Net: Name=OSC_in
Added Pin To Net: NetName=OSC_out Pin=C12-2
Added Pin To Net: NetName=OSC_out Pin=R13-1
Added Pin To Net: NetName=OSC_out Pin=U-6
Added Pin To Net: NetName=OSC_out Pin=X1-1
Added Net: Name=OSC_out
Added Pin To Net: NetName=P1 Pin=C3C-2
Added Pin To Net: NetName=P1 Pin=DZ1C-1
Added Pin To Net: NetName=P1 Pin=MOTOR-1
Added Pin To Net: NetName=P1 Pin=Q1-3
Added Pin To Net: NetName=P1 Pin=Q2-2
Added Pin To Net: NetName=P1 Pin=Q2-2
Added Pin To Net: NetName=P1 Pin=R4C-1
Added Pin To Net: NetName=P1 Pin=U1C-6
Added Net: Name=P1
Added Pin To Net: NetName=P2 Pin=C3B-2
Added Pin To Net: NetName=P2 Pin=DZ1B-1
Added Pin To Net: NetName=P2 Pin=MOTOR-2
Added Pin To Net: NetName=P2 Pin=Q3-3
Added Pin To Net: NetName=P2 Pin=Q4-2
Added Pin To Net: NetName=P2 Pin=Q4-2
Added Pin To Net: NetName=P2 Pin=R4B-1
Added Pin To Net: NetName=P2 Pin=U1B-6
Added Net: Name=P2
Added Pin To Net: NetName=P3 Pin=C3A-2
Added Pin To Net: NetName=P3 Pin=DZ1A-1
Added Pin To Net: NetName=P3 Pin=MOTOR-3
Added Pin To Net: NetName=P3 Pin=Q5-3
Added Pin To Net: NetName=P3 Pin=Q6-2
Added Pin To Net: NetName=P3 Pin=Q6-2
Added Pin To Net: NetName=P3 Pin=R4A-1
Added Pin To Net: NetName=P3 Pin=U1A-6
Added Net: Name=P3
Added Pin To Net: NetName=PC13 Pin=LED2-2
Added Pin To Net: NetName=PC13 Pin=U-2
Added Net: Name=PC13
Added Pin To Net: NetName=RESET Pin=C13-1
Added Pin To Net: NetName=RESET Pin=R11-1
Added Pin To Net: NetName=RESET Pin=SW-2
Added Pin To Net: NetName=RESET Pin=U-7
Added Net: Name=RESET
Added Pin To Net: NetName=SWCLK Pin=R17-1
Added Pin To Net: NetName=SWCLK Pin=STLink-3
Added Pin To Net: NetName=SWCLK Pin=U-37
Added Net: Name=SWCLK
Added Pin To Net: NetName=SWDIO Pin=R16-1
Added Pin To Net: NetName=SWDIO Pin=STLink-2
Added Pin To Net: NetName=SWDIO Pin=U-34
Added Net: Name=SWDIO
Added Pin To Net: NetName=Temerature Pin=Temp-1
Added Pin To Net: NetName=Temerature Pin=U-19
Added Net: Name=Temerature
Added Class: Name=Main
Added Class: Name=U_IC_driver1
Added Class: Name=U_IC_driver2
Added Class: Name=U_IC_driver3
Added Class: Name=U_MCU
Added Class: Name=U_Motor
Added Differential Pair: Name=CAN
Added Class: Name=IC_driver
Added Room: Name=Main
Added Room: Name=U_IC_driver1
Added Room: Name=U_IC_driver2
Added Room: Name=U_IC_driver3
Added Room: Name=U_MCU
Added Room: Name=U_Motor
Added Class: Name=CAN_DIFF
